2026-03-29 12:31:00 - messenger_gui - INFO - 📁 Project root: C:\Users\Admin\PycharmProjects\PythonProject\massenger
2026-03-29 12:31:00 - messenger_gui - INFO - 📁 sys.path[0]: C:\Users\Admin\PycharmProjects\PythonProject\massenger
2026-03-29 12:31:00 - messenger_gui - INFO - ✅ client/messenger_client.py найден
2026-03-29 12:31:00 - messenger_gui - INFO - ✅ client/crypto.py найден
2026-03-29 12:31:00 - messenger_gui - INFO - ✅ Все зависимости импортированы успешно
2026-03-29 12:31:00 - messenger_gui - INFO - ================================================================================
2026-03-29 12:31:00 - messenger_gui - INFO - ИНИЦИАЛИЗАЦИЯ MESSENGERGUI
2026-03-29 12:31:00 - messenger_gui - INFO - ================================================================================
2026-03-29 12:31:00 - messenger_gui - INFO - ✅ Главное окно создано
2026-03-29 12:31:00 - messenger_gui - INFO - 📁 Директория загрузок: C:\Users\Admin\Downloads\Messenger
2026-03-29 12:31:00 - messenger_gui - INFO - Показ окна входа
2026-03-29 12:31:00 - messenger_gui - INFO - ✅ Окно входа создано
2026-03-29 12:31:00 - messenger_gui - INFO - Окно входа готово к работе
2026-03-29 12:31:00 - messenger_gui - INFO - ✅ Окно входа создано
2026-03-29 12:31:00 - messenger_gui - INFO - ✅ MessengerGUI полностью инициализирован
2026-03-29 12:31:00 - messenger_gui - INFO - ================================================================================
2026-03-29 12:31:00 - messenger_gui - INFO - ================================================================================
2026-03-29 12:31:00 - messenger_gui - INFO - Запуск главного цикла Tkinter
2026-03-29 12:31:00 - messenger_gui - INFO - ================================================================================
2026-03-29 12:31:21 - messenger_gui - INFO - ✅ Клиент авторизован: dik
2026-03-29 12:31:21 - messenger_gui - INFO - 🔑 Публичный ключ сохранён
2026-03-29 12:31:21 - messenger_gui - INFO - Создание основного интерфейса
2026-03-29 12:31:21 - messenger_gui - INFO - ✅ Основной интерфейс создан
2026-03-29 12:31:21 - messenger_gui - INFO - ✅ Основной интерфейс создан
2026-03-29 12:31:21 - messenger_gui - INFO - 📋 Контактов нет
2026-03-29 12:31:21 - messenger_gui - INFO - 🔑 Загрузка ключей завершена
2026-03-29 12:31:21 - messenger_gui - INFO - 🔄 Автообновление чата запущено (интервал: 3 сек)
2026-03-29 12:31:21 - messenger_gui - INFO - 📋 Список контактов обновлён: 0 контактов
2026-03-29 12:31:29 - messenger_gui - INFO - 📁 Project root: C:\Users\Admin\PycharmProjects\PythonProject\massenger
2026-03-29 12:31:29 - messenger_gui - INFO - 📁 sys.path[0]: C:\Users\Admin\PycharmProjects\PythonProject\massenger
2026-03-29 12:31:29 - messenger_gui - INFO - ✅ client/messenger_client.py найден
2026-03-29 12:31:29 - messenger_gui - INFO - ✅ client/crypto.py найден
2026-03-29 12:31:29 - messenger_gui - INFO - ✅ Все зависимости импортированы успешно
2026-03-29 12:31:29 - messenger_gui - INFO - ================================================================================
2026-03-29 12:31:29 - messenger_gui - INFO - ИНИЦИАЛИЗАЦИЯ MESSENGERGUI
2026-03-29 12:31:29 - messenger_gui - INFO - ================================================================================
2026-03-29 12:31:29 - messenger_gui - INFO - ✅ Главное окно создано
2026-03-29 12:31:29 - messenger_gui - INFO - 📁 Директория загрузок: C:\Users\Admin\Downloads\Messenger
2026-03-29 12:31:29 - messenger_gui - INFO - Показ окна входа
2026-03-29 12:31:29 - messenger_gui - INFO - ✅ Окно входа создано
2026-03-29 12:31:30 - messenger_gui - INFO - Окно входа готово к работе
2026-03-29 12:31:30 - messenger_gui - INFO - ✅ Окно входа создано
2026-03-29 12:31:30 - messenger_gui - INFO - ✅ MessengerGUI полностью инициализирован
2026-03-29 12:31:30 - messenger_gui - INFO - ================================================================================
2026-03-29 12:31:30 - messenger_gui - INFO - ================================================================================
2026-03-29 12:31:30 - messenger_gui - INFO - Запуск главного цикла Tkinter
2026-03-29 12:31:30 - messenger_gui - INFO - ================================================================================
2026-03-29 12:31:45 - messenger_gui - INFO - ✅ Клиент авторизован: suk
2026-03-29 12:31:45 - messenger_gui - INFO - 🔑 Публичный ключ сохранён
2026-03-29 12:31:45 - messenger_gui - INFO - Создание основного интерфейса
2026-03-29 12:31:45 - messenger_gui - INFO - ✅ Основной интерфейс создан
2026-03-29 12:31:45 - messenger_gui - INFO - ✅ Основной интерфейс создан
2026-03-29 12:31:45 - messenger_gui - INFO - 📋 Контактов нет
2026-03-29 12:31:45 - messenger_gui - INFO - 🔑 Загрузка ключей завершена
2026-03-29 12:31:45 - messenger_gui - INFO - 🔄 Автообновление чата запущено (интервал: 3 сек)
2026-03-29 12:31:45 - messenger_gui - INFO - 📋 Список контактов обновлён: 0 контактов
2026-03-29 12:31:55 - messenger_gui - INFO - 📋 Список контактов обновлён: 1 контактов
2026-03-29 12:32:00 - messenger_gui - INFO - 📋 Список контактов обновлён: 1 контактов
2026-03-29 12:32:05 - messenger_gui - INFO - 💬 Выбран чат с suk
2026-03-29 12:32:06 - messenger_gui - INFO - 📤 Отправка сообщения для suk
2026-03-29 12:32:06 - messenger_gui - INFO - 🔑 Ключ не в кэше, запрашиваю у сервера для suk
2026-03-29 12:32:06 - messenger_gui - ERROR - ❌ Ошибка в _send: AttributeError: 'ClientCrypto' object has no attribute '_validate_public_key'
Traceback (most recent call last):
  File "C:\Users\Admin\PycharmProjects\PythonProject\massenger\gui\messenger_gui.py", line 904, in _send
    if recipient_public_key and self.client.crypto._validate_public_key(recipient_public_key):
                                ^^^^^^^^^^^^^^^^^^^^^^^^^^^^^^^^^^^^^^^
AttributeError: 'ClientCrypto' object has no attribute '_validate_public_key'
2026-03-29 12:32:08 - messenger_gui - INFO - 💬 Выбран чат с dik
2026-03-29 12:32:22 - messenger_gui - INFO - 📤 Отправка сообщения для suk
2026-03-29 12:32:22 - messenger_gui - INFO - 🔑 Ключ не в кэше, запрашиваю у сервера для suk
2026-03-29 12:32:22 - messenger_gui - ERROR - ❌ Ошибка в _send: AttributeError: 'ClientCrypto' object has no attribute '_validate_public_key'
Traceback (most recent call last):
  File "C:\Users\Admin\PycharmProjects\PythonProject\massenger\gui\messenger_gui.py", line 904, in _send
    if recipient_public_key and self.client.crypto._validate_public_key(recipient_public_key):
                                ^^^^^^^^^^^^^^^^^^^^^^^^^^^^^^^^^^^^^^^
AttributeError: 'ClientCrypto' object has no attribute '_validate_public_key'
2026-03-29 12:32:25 - messenger_gui - INFO - 💬 Выбран чат с dik
2026-03-29 12:34:05 - messenger_gui - INFO - Главный цикл завершён
2026-03-29 12:34:05 - messenger_gui - INFO - ================================================================================
2026-03-29 12:34:05 - messenger_gui - INFO - 🛑 Приложение остановлено пользователем
2026-03-29 12:34:06 - messenger_gui - INFO - 📁 Project root: C:\Users\Admin\PycharmProjects\PythonProject\massenger
2026-03-29 12:34:06 - messenger_gui - INFO - 📁 sys.path[0]: C:\Users\Admin\PycharmProjects\PythonProject\massenger
2026-03-29 12:34:06 - messenger_gui - INFO - ✅ client/messenger_client.py найден
2026-03-29 12:34:06 - messenger_gui - INFO - ✅ client/crypto.py найден
2026-03-29 12:34:06 - messenger_gui - INFO - ✅ Все зависимости импортированы успешно
2026-03-29 12:34:06 - messenger_gui - INFO - ================================================================================
2026-03-29 12:34:06 - messenger_gui - INFO - ИНИЦИАЛИЗАЦИЯ MESSENGERGUI
2026-03-29 12:34:06 - messenger_gui - INFO - ================================================================================
2026-03-29 12:34:06 - messenger_gui - INFO - ✅ Главное окно создано
2026-03-29 12:34:06 - messenger_gui - INFO - 📁 Директория загрузок: C:\Users\Admin\Downloads\Messenger
2026-03-29 12:34:06 - messenger_gui - INFO - Показ окна входа
2026-03-29 12:34:06 - messenger_gui - INFO - ✅ Окно входа создано
2026-03-29 12:34:06 - messenger_gui - INFO - Окно входа готово к работе
2026-03-29 12:34:06 - messenger_gui - INFO - ✅ Окно входа создано
2026-03-29 12:34:06 - messenger_gui - INFO - ✅ MessengerGUI полностью инициализирован
2026-03-29 12:34:06 - messenger_gui - INFO - ================================================================================
2026-03-29 12:34:06 - messenger_gui - INFO - ================================================================================
2026-03-29 12:34:06 - messenger_gui - INFO - Запуск главного цикла Tkinter
2026-03-29 12:34:06 - messenger_gui - INFO - ================================================================================
2026-03-29 12:34:11 - messenger_gui - INFO - ✅ Клиент авторизован: dik
2026-03-29 12:34:11 - messenger_gui - INFO - 🔑 Публичный ключ сохранён
2026-03-29 12:34:11 - messenger_gui - INFO - Создание основного интерфейса
2026-03-29 12:34:11 - messenger_gui - INFO - ✅ Основной интерфейс создан
2026-03-29 12:34:11 - messenger_gui - INFO - ✅ Основной интерфейс создан
2026-03-29 12:34:11 - messenger_gui - INFO - 📋 Загружено 1 контактов
2026-03-29 12:34:11 - messenger_gui - INFO - 🔑 Загрузка ключа для suk
2026-03-29 12:34:11 - messenger_gui - INFO - ✅ Ключ загружен: suk
2026-03-29 12:34:11 - messenger_gui - INFO - 🔑 Загрузка ключей завершена
2026-03-29 12:34:11 - messenger_gui - INFO - 🔄 Автообновление чата запущено (интервал: 3 сек)
2026-03-29 12:34:11 - messenger_gui - INFO - 📋 Список контактов обновлён: 1 контактов
2026-03-29 12:34:13 - messenger_gui - INFO - 💬 Выбран чат с suk
2026-03-29 12:34:32 - messenger_gui - INFO - Главный цикл завершён
2026-03-29 12:34:32 - messenger_gui - INFO - ================================================================================
2026-03-29 12:34:32 - messenger_gui - INFO - 🛑 Приложение остановлено пользователем
2026-03-29 12:34:33 - messenger_gui - INFO - Главный цикл завершён
2026-03-29 12:34:33 - messenger_gui - INFO - ================================================================================
2026-03-29 12:34:33 - messenger_gui - INFO - 🛑 Приложение остановлено пользователем
