2026-03-28 18:02:47 - messenger_server - INFO - ✅ aiofiles доступен — асинхронная работа с файлами
2026-03-28 18:02:47 - messenger_server - INFO - ✅ Сервер инициализирован
2026-03-28 18:02:47 - messenger_server - INFO - 🚀 Сервер запущен на ws://localhost:8765
2026-03-28 18:02:59 - messenger_server - ERROR - ❌ Ошибка отправлена клиенту: Неверное имя или пароль
2026-03-28 18:03:05 - messenger_server - ERROR - ❌ Ошибка отправлена клиенту: Неверное имя или пароль
2026-03-28 18:03:08 - messenger_server - INFO - ✅ Пользователь dik успешно зарегистрирован
2026-03-28 18:03:09 - messenger_server - INFO - ✅ Пользователь dik успешно вошёл в систему
2026-03-28 18:03:33 - messenger_server - INFO - ✅ Пользователь suk успешно зарегистрирован
2026-03-28 18:03:35 - messenger_server - INFO - ✅ Пользователь suk успешно вошёл в систему
2026-03-28 18:03:39 - messenger_server - INFO - 🔌 Клиент отключился: sent 1011 (internal error) keepalive ping timeout; no close frame received
2026-03-28 18:03:45 - messenger_server - INFO - 🔌 Клиент отключился: sent 1011 (internal error) keepalive ping timeout; no close frame received
2026-03-28 18:03:48 - messenger_server - INFO - 🔌 Клиент отключился: sent 1011 (internal error) keepalive ping timeout; no close frame received
2026-03-28 18:03:50 - messenger_server - INFO - 📋 История отправлена: 0 элементов для dik
2026-03-28 18:03:52 - messenger_server - INFO - 📤 Сообщение отправлено: suk
2026-03-28 18:03:52 - messenger_server - INFO - 📋 История отправлена: 2 элементов для dik
2026-03-28 18:03:55 - messenger_server - INFO - 📋 История отправлена: 2 элементов для dik
2026-03-28 18:03:58 - messenger_server - INFO - 📋 История отправлена: 2 элементов для dik
2026-03-28 18:04:01 - messenger_server - INFO - 📋 История отправлена: 2 элементов для dik
2026-03-28 18:04:04 - messenger_server - INFO - 📋 История отправлена: 2 элементов для dik
2026-03-28 18:04:07 - messenger_server - INFO - 📋 История отправлена: 2 элементов для dik
2026-03-28 18:04:10 - messenger_server - INFO - 📋 История отправлена: 2 элементов для dik
2026-03-28 18:04:13 - messenger_server - INFO - 🔌 Клиент отключился: sent 1011 (internal error) keepalive ping timeout; no close frame received
2026-03-28 18:04:13 - messenger_server - INFO - 📋 История отправлена: 2 элементов для dik
2026-03-28 18:04:17 - messenger_server - INFO - 📋 История отправлена: 2 элементов для dik
2026-03-28 18:04:20 - messenger_server - INFO - 📋 История отправлена: 2 элементов для dik
2026-03-28 18:04:23 - messenger_server - INFO - 📋 История отправлена: 2 элементов для dik
2026-03-28 18:04:26 - messenger_server - INFO - 📋 История отправлена: 2 элементов для dik
2026-03-28 18:04:29 - messenger_server - INFO - 📋 История отправлена: 2 элементов для dik
2026-03-28 18:04:32 - messenger_server - INFO - 📋 История отправлена: 2 элементов для dik
2026-03-28 18:04:35 - messenger_server - INFO - 📋 История отправлена: 2 элементов для dik
2026-03-28 18:04:38 - messenger_server - INFO - 📋 История отправлена: 2 элементов для dik
2026-03-28 18:04:41 - messenger_server - INFO - 📋 История отправлена: 2 элементов для dik
2026-03-28 18:04:44 - messenger_server - INFO - 📋 История отправлена: 2 элементов для dik
2026-03-28 18:04:47 - messenger_server - INFO - 📋 История отправлена: 2 элементов для dik
2026-03-28 18:04:50 - messenger_server - INFO - 📋 История отправлена: 2 элементов для dik
2026-03-28 18:04:53 - messenger_server - INFO - 📋 История отправлена: 2 элементов для dik
2026-03-28 18:04:56 - messenger_server - INFO - 📋 История отправлена: 2 элементов для dik
2026-03-28 18:04:59 - messenger_server - INFO - 📋 История отправлена: 2 элементов для dik
2026-03-28 18:05:02 - messenger_server - INFO - 📋 История отправлена: 2 элементов для dik
2026-03-28 18:05:05 - messenger_server - INFO - 📋 История отправлена: 2 элементов для dik
2026-03-28 18:05:08 - messenger_server - INFO - 📋 История отправлена: 2 элементов для dik
2026-03-28 18:05:11 - messenger_server - INFO - 📋 История отправлена: 2 элементов для dik
2026-03-28 18:05:12 - messenger_server - INFO - 🔌 Клиент отключился: no close frame received or sent
2026-03-28 18:05:12 - messenger_server - INFO - 👋 Пользователь suk вышел из системы
2026-03-28 18:05:14 - messenger_server - INFO - 📋 История отправлена: 2 элементов для dik
2026-03-28 18:05:14 - messenger_server - INFO - 🔌 Клиент отключился: no close frame received or sent
2026-03-28 18:05:14 - messenger_server - INFO - 👋 Пользователь dik вышел из системы
2026-03-28 18:24:12 - messenger_server - INFO - 🛑 Сервер остановлен пользователем
2026-03-28 18:24:35 - messenger_server - INFO - ✅ aiofiles доступен — асинхронная работа с файлами
2026-03-28 18:24:35 - messenger_server - INFO - ✅ Сервер инициализирован
2026-03-28 18:24:35 - messenger_server - INFO - 🚀 Сервер запущен на ws://localhost:8765
2026-03-28 18:25:05 - messenger_server - INFO - ✅ Пользователь dik успешно зарегистрирован
2026-03-28 18:25:07 - messenger_server - INFO - ✅ Пользователь dik успешно вошёл в систему
2026-03-28 18:25:23 - messenger_server - INFO - ✅ Пользователь suk успешно зарегистрирован
2026-03-28 18:25:25 - messenger_server - INFO - ✅ Пользователь suk успешно вошёл в систему
2026-03-28 18:25:41 - messenger_server - INFO - 📋 История отправлена: 0 элементов для dik
2026-03-28 18:25:41 - messenger_server - INFO - 📋 История отправлена: 0 элементов для dik
2026-03-28 18:25:43 - messenger_server - INFO - 📤 Сообщение отправлено: suk
2026-03-28 18:25:44 - messenger_server - INFO - 📋 История отправлена: 2 элементов для dik
2026-03-28 18:25:44 - messenger_server - INFO - 🔌 Клиент отключился: sent 1011 (internal error) keepalive ping timeout; no close frame received
2026-03-28 18:25:47 - messenger_server - INFO - 📋 История отправлена: 2 элементов для dik
2026-03-28 18:25:50 - messenger_server - INFO - 📋 История отправлена: 2 элементов для dik
2026-03-28 18:25:53 - messenger_server - INFO - 📋 История отправлена: 2 элементов для dik
2026-03-28 18:25:56 - messenger_server - INFO - 📋 История отправлена: 2 элементов для dik
2026-03-28 18:25:59 - messenger_server - INFO - 📋 История отправлена: 2 элементов для dik
2026-03-28 18:26:02 - messenger_server - INFO - 📋 История отправлена: 2 элементов для dik
2026-03-28 18:26:03 - messenger_server - INFO - 🔌 Клиент отключился: sent 1011 (internal error) keepalive ping timeout; no close frame received
2026-03-28 18:26:05 - messenger_server - INFO - 📋 История отправлена: 2 элементов для dik
2026-03-28 18:26:08 - messenger_server - INFO - 📋 История отправлена: 2 элементов для dik
2026-03-28 18:26:11 - messenger_server - INFO - 📋 История отправлена: 2 элементов для dik
2026-03-28 18:26:14 - messenger_server - INFO - 📋 История отправлена: 2 элементов для dik
2026-03-28 18:26:17 - messenger_server - INFO - 📋 История отправлена: 2 элементов для dik
2026-03-28 18:26:20 - messenger_server - INFO - 📋 История отправлена: 2 элементов для dik
2026-03-28 18:26:23 - messenger_server - INFO - 📋 История отправлена: 2 элементов для dik
2026-03-28 18:26:26 - messenger_server - INFO - 📋 История отправлена: 2 элементов для dik
2026-03-28 18:26:29 - messenger_server - INFO - 📋 История отправлена: 2 элементов для dik
2026-03-28 18:26:32 - messenger_server - INFO - 📋 История отправлена: 2 элементов для dik
2026-03-28 18:26:35 - messenger_server - INFO - 📋 История отправлена: 2 элементов для dik
2026-03-28 18:26:38 - messenger_server - INFO - 📋 История отправлена: 2 элементов для dik
2026-03-28 18:26:41 - messenger_server - INFO - 📋 История отправлена: 2 элементов для dik
2026-03-28 18:26:44 - messenger_server - INFO - 📋 История отправлена: 2 элементов для dik
2026-03-28 18:26:47 - messenger_server - INFO - 📋 История отправлена: 2 элементов для dik
2026-03-28 18:26:50 - messenger_server - INFO - 📋 История отправлена: 2 элементов для dik
2026-03-28 18:26:53 - messenger_server - INFO - 📋 История отправлена: 2 элементов для dik
2026-03-28 18:26:56 - messenger_server - INFO - 📋 История отправлена: 2 элементов для dik
2026-03-28 18:26:59 - messenger_server - INFO - 📋 История отправлена: 2 элементов для dik
2026-03-28 18:27:02 - messenger_server - INFO - 📋 История отправлена: 2 элементов для dik
2026-03-28 18:27:05 - messenger_server - INFO - 📋 История отправлена: 2 элементов для dik
2026-03-28 18:27:08 - messenger_server - INFO - 📋 История отправлена: 2 элементов для dik
2026-03-28 18:27:11 - messenger_server - INFO - 📋 История отправлена: 2 элементов для dik
2026-03-28 18:27:14 - messenger_server - INFO - 📋 История отправлена: 2 элементов для dik
2026-03-28 18:27:17 - messenger_server - INFO - 📋 История отправлена: 2 элементов для dik
2026-03-28 18:27:20 - messenger_server - INFO - 📋 История отправлена: 2 элементов для dik
2026-03-28 18:27:23 - messenger_server - INFO - 📋 История отправлена: 2 элементов для dik
2026-03-28 18:27:26 - messenger_server - INFO - 📋 История отправлена: 2 элементов для dik
2026-03-28 18:27:29 - messenger_server - INFO - 📋 История отправлена: 2 элементов для dik
2026-03-28 18:27:32 - messenger_server - INFO - 📋 История отправлена: 2 элементов для dik
2026-03-28 18:27:35 - messenger_server - INFO - 📋 История отправлена: 2 элементов для dik
2026-03-28 18:27:38 - messenger_server - INFO - 📋 История отправлена: 2 элементов для dik
2026-03-28 18:27:41 - messenger_server - INFO - 📋 История отправлена: 2 элементов для dik
2026-03-28 18:27:44 - messenger_server - INFO - 📋 История отправлена: 2 элементов для dik
2026-03-28 18:27:47 - messenger_server - INFO - 📋 История отправлена: 2 элементов для dik
2026-03-28 18:27:50 - messenger_server - INFO - 📋 История отправлена: 2 элементов для dik
2026-03-28 18:27:53 - messenger_server - INFO - 📋 История отправлена: 2 элементов для dik
2026-03-28 18:27:56 - messenger_server - INFO - 📋 История отправлена: 2 элементов для dik
2026-03-28 18:27:59 - messenger_server - INFO - 📋 История отправлена: 2 элементов для dik
2026-03-28 18:28:02 - messenger_server - INFO - 📋 История отправлена: 2 элементов для dik
2026-03-28 18:28:05 - messenger_server - INFO - 📋 История отправлена: 2 элементов для dik
2026-03-28 18:28:08 - messenger_server - INFO - 📋 История отправлена: 2 элементов для dik
2026-03-28 18:28:11 - messenger_server - INFO - 📋 История отправлена: 2 элементов для dik
2026-03-28 18:28:14 - messenger_server - INFO - 📋 История отправлена: 2 элементов для dik
2026-03-28 18:28:17 - messenger_server - INFO - 📋 История отправлена: 2 элементов для dik
2026-03-28 18:28:20 - messenger_server - INFO - 📋 История отправлена: 2 элементов для dik
2026-03-28 18:28:23 - messenger_server - INFO - 📋 История отправлена: 2 элементов для dik
2026-03-28 18:28:26 - messenger_server - INFO - 📋 История отправлена: 2 элементов для dik
2026-03-28 18:28:29 - messenger_server - INFO - 📋 История отправлена: 2 элементов для dik
2026-03-28 18:28:32 - messenger_server - INFO - 📋 История отправлена: 2 элементов для dik
2026-03-28 18:28:35 - messenger_server - INFO - 📋 История отправлена: 2 элементов для dik
2026-03-28 18:28:38 - messenger_server - INFO - 📋 История отправлена: 2 элементов для dik
2026-03-28 18:28:41 - messenger_server - INFO - 📋 История отправлена: 2 элементов для dik
2026-03-28 18:28:44 - messenger_server - INFO - 📋 История отправлена: 2 элементов для dik
2026-03-28 18:28:47 - messenger_server - INFO - 📋 История отправлена: 2 элементов для dik
2026-03-28 18:28:50 - messenger_server - INFO - 📋 История отправлена: 2 элементов для dik
2026-03-28 18:28:53 - messenger_server - INFO - 📋 История отправлена: 2 элементов для dik
2026-03-28 18:28:56 - messenger_server - INFO - 📋 История отправлена: 2 элементов для dik
2026-03-28 18:28:59 - messenger_server - INFO - 📋 История отправлена: 2 элементов для dik
2026-03-28 18:29:02 - messenger_server - INFO - 📋 История отправлена: 2 элементов для dik
2026-03-28 18:29:05 - messenger_server - INFO - 📋 История отправлена: 2 элементов для dik
2026-03-28 18:29:08 - messenger_server - INFO - 📋 История отправлена: 2 элементов для dik
2026-03-28 18:29:11 - messenger_server - INFO - 📋 История отправлена: 2 элементов для dik
2026-03-28 18:29:14 - messenger_server - INFO - 📋 История отправлена: 2 элементов для dik
2026-03-28 18:29:17 - messenger_server - INFO - 📋 История отправлена: 2 элементов для dik
2026-03-28 18:29:20 - messenger_server - INFO - 📋 История отправлена: 2 элементов для dik
2026-03-28 18:29:23 - messenger_server - INFO - 📋 История отправлена: 2 элементов для dik
2026-03-28 18:29:26 - messenger_server - INFO - 📋 История отправлена: 2 элементов для dik
2026-03-28 18:29:29 - messenger_server - INFO - 📋 История отправлена: 2 элементов для dik
2026-03-28 18:29:32 - messenger_server - INFO - 📋 История отправлена: 2 элементов для dik
2026-03-28 18:29:35 - messenger_server - INFO - 📋 История отправлена: 2 элементов для dik
2026-03-28 18:29:38 - messenger_server - INFO - 📋 История отправлена: 2 элементов для dik
2026-03-28 18:29:41 - messenger_server - INFO - 📋 История отправлена: 2 элементов для dik
2026-03-28 18:29:44 - messenger_server - INFO - 📋 История отправлена: 2 элементов для dik
2026-03-28 18:29:47 - messenger_server - INFO - 📋 История отправлена: 2 элементов для dik
2026-03-28 18:29:50 - messenger_server - INFO - 📋 История отправлена: 2 элементов для dik
2026-03-28 18:29:53 - messenger_server - INFO - 📋 История отправлена: 2 элементов для dik
2026-03-28 18:29:56 - messenger_server - INFO - 📋 История отправлена: 2 элементов для dik
2026-03-28 18:29:59 - messenger_server - INFO - 📋 История отправлена: 2 элементов для dik
2026-03-28 18:30:02 - messenger_server - INFO - 📋 История отправлена: 2 элементов для dik
2026-03-28 18:30:05 - messenger_server - INFO - 📋 История отправлена: 2 элементов для dik
2026-03-28 18:30:08 - messenger_server - INFO - 📋 История отправлена: 2 элементов для dik
2026-03-28 18:30:11 - messenger_server - INFO - 📋 История отправлена: 2 элементов для dik
2026-03-28 18:30:14 - messenger_server - INFO - 📋 История отправлена: 2 элементов для dik
2026-03-28 18:30:17 - messenger_server - INFO - 📋 История отправлена: 2 элементов для dik
2026-03-28 18:30:20 - messenger_server - INFO - 📋 История отправлена: 2 элементов для dik
2026-03-28 18:30:23 - messenger_server - INFO - 📋 История отправлена: 2 элементов для dik
2026-03-28 18:30:26 - messenger_server - INFO - 📋 История отправлена: 2 элементов для dik
2026-03-28 18:30:29 - messenger_server - INFO - 📋 История отправлена: 2 элементов для dik
2026-03-28 18:30:32 - messenger_server - INFO - 📋 История отправлена: 2 элементов для dik
2026-03-28 18:30:35 - messenger_server - INFO - 📋 История отправлена: 2 элементов для dik
2026-03-28 18:30:38 - messenger_server - INFO - 📋 История отправлена: 2 элементов для dik
2026-03-28 18:30:41 - messenger_server - INFO - 📋 История отправлена: 2 элементов для dik
2026-03-28 18:30:44 - messenger_server - INFO - 📋 История отправлена: 2 элементов для dik
2026-03-28 18:30:47 - messenger_server - INFO - 📋 История отправлена: 2 элементов для dik
2026-03-28 18:30:50 - messenger_server - INFO - 📋 История отправлена: 2 элементов для dik
2026-03-28 18:30:53 - messenger_server - INFO - 📋 История отправлена: 2 элементов для dik
2026-03-28 18:30:56 - messenger_server - INFO - 📋 История отправлена: 2 элементов для dik
2026-03-28 18:30:59 - messenger_server - INFO - 📋 История отправлена: 2 элементов для dik
2026-03-28 18:31:02 - messenger_server - INFO - 📋 История отправлена: 2 элементов для dik
2026-03-28 18:31:05 - messenger_server - INFO - 📋 История отправлена: 2 элементов для dik
2026-03-28 18:31:08 - messenger_server - INFO - 📋 История отправлена: 2 элементов для dik
2026-03-28 18:31:11 - messenger_server - INFO - 📋 История отправлена: 2 элементов для dik
2026-03-28 18:31:14 - messenger_server - INFO - 📋 История отправлена: 2 элементов для dik
2026-03-28 18:31:17 - messenger_server - INFO - 📋 История отправлена: 2 элементов для dik
2026-03-28 18:31:20 - messenger_server - INFO - 📋 История отправлена: 2 элементов для dik
2026-03-28 18:31:23 - messenger_server - INFO - 📋 История отправлена: 2 элементов для dik
2026-03-28 18:31:26 - messenger_server - INFO - 📋 История отправлена: 2 элементов для dik
2026-03-28 18:31:29 - messenger_server - INFO - 📋 История отправлена: 2 элементов для dik
2026-03-28 18:31:32 - messenger_server - INFO - 📋 История отправлена: 2 элементов для dik
2026-03-28 18:31:35 - messenger_server - INFO - 📋 История отправлена: 2 элементов для dik
2026-03-28 18:31:38 - messenger_server - INFO - 📋 История отправлена: 2 элементов для dik
2026-03-28 18:31:41 - messenger_server - INFO - 📋 История отправлена: 2 элементов для dik
2026-03-28 18:31:44 - messenger_server - INFO - 📋 История отправлена: 2 элементов для dik
2026-03-28 18:31:47 - messenger_server - INFO - 📋 История отправлена: 2 элементов для dik
2026-03-28 18:31:50 - messenger_server - INFO - 📋 История отправлена: 2 элементов для dik
2026-03-28 18:31:53 - messenger_server - INFO - 📋 История отправлена: 2 элементов для dik
2026-03-28 18:31:56 - messenger_server - INFO - 📋 История отправлена: 2 элементов для dik
2026-03-28 18:31:59 - messenger_server - INFO - 📋 История отправлена: 2 элементов для dik
2026-03-28 18:32:02 - messenger_server - INFO - 📋 История отправлена: 2 элементов для dik
2026-03-28 18:32:06 - messenger_server - INFO - 📋 История отправлена: 2 элементов для dik
2026-03-28 18:32:09 - messenger_server - INFO - 📋 История отправлена: 2 элементов для dik
2026-03-28 18:32:12 - messenger_server - INFO - 📋 История отправлена: 2 элементов для dik
2026-03-28 18:32:15 - messenger_server - INFO - 📋 История отправлена: 2 элементов для dik
2026-03-28 18:32:18 - messenger_server - INFO - 📋 История отправлена: 2 элементов для dik
2026-03-28 18:32:21 - messenger_server - INFO - 📋 История отправлена: 2 элементов для dik
2026-03-28 18:32:24 - messenger_server - INFO - 📋 История отправлена: 2 элементов для dik
2026-03-28 18:32:27 - messenger_server - INFO - 📋 История отправлена: 2 элементов для dik
2026-03-28 18:32:30 - messenger_server - INFO - 📋 История отправлена: 2 элементов для dik
2026-03-28 18:32:33 - messenger_server - INFO - 📋 История отправлена: 2 элементов для dik
2026-03-28 18:32:36 - messenger_server - INFO - 📋 История отправлена: 2 элементов для dik
2026-03-28 18:32:39 - messenger_server - INFO - 📋 История отправлена: 2 элементов для dik
2026-03-28 18:32:42 - messenger_server - INFO - 📋 История отправлена: 2 элементов для dik
2026-03-28 18:32:45 - messenger_server - INFO - 📋 История отправлена: 2 элементов для dik
2026-03-28 18:32:48 - messenger_server - INFO - 📋 История отправлена: 2 элементов для dik
2026-03-28 18:32:51 - messenger_server - INFO - 📋 История отправлена: 2 элементов для dik
2026-03-28 18:32:54 - messenger_server - INFO - 📋 История отправлена: 2 элементов для dik
2026-03-28 18:32:57 - messenger_server - INFO - 📋 История отправлена: 2 элементов для dik
2026-03-28 18:33:00 - messenger_server - INFO - 📋 История отправлена: 2 элементов для dik
2026-03-28 18:33:03 - messenger_server - INFO - 📋 История отправлена: 2 элементов для dik
2026-03-28 18:33:06 - messenger_server - INFO - 📋 История отправлена: 2 элементов для dik
2026-03-28 18:33:09 - messenger_server - INFO - 📋 История отправлена: 2 элементов для dik
2026-03-28 18:33:12 - messenger_server - INFO - 📋 История отправлена: 2 элементов для dik
2026-03-28 18:33:15 - messenger_server - INFO - 📋 История отправлена: 2 элементов для dik
2026-03-28 18:33:17 - messenger_server - INFO - 🔌 Клиент отключился: no close frame received or sent
2026-03-28 18:33:17 - messenger_server - INFO - 👋 Пользователь dik вышел из системы
2026-03-28 18:33:18 - messenger_server - INFO - 🔌 Клиент отключился: no close frame received or sent
2026-03-28 18:33:18 - messenger_server - INFO - 👋 Пользователь suk вышел из системы
2026-03-28 18:33:20 - messenger_server - INFO - 🛑 Сервер остановлен пользователем
2026-03-28 18:33:58 - messenger_server - INFO - ✅ aiofiles доступен — асинхронная работа с файлами
2026-03-28 18:33:58 - messenger_server - INFO - ✅ Сервер инициализирован
2026-03-28 18:33:58 - messenger_server - INFO - 🚀 Сервер запущен на ws://localhost:8765
2026-03-28 18:34:28 - messenger_server - INFO - ✅ Пользователь dik успешно зарегистрирован
2026-03-28 18:34:30 - messenger_server - INFO - ✅ Пользователь dik успешно вошёл в систему
2026-03-28 18:35:05 - messenger_server - ERROR - ❌ Ошибка отправлена клиенту: Неверное имя или пароль
2026-03-28 18:35:08 - messenger_server - INFO - 🔌 Клиент отключился: sent 1011 (internal error) keepalive ping timeout; no close frame received
2026-03-28 18:35:28 - messenger_server - INFO - ✅ Пользователь suk успешно зарегистрирован
2026-03-28 18:35:30 - messenger_server - INFO - ✅ Пользователь suk успешно вошёл в систему
2026-03-28 18:35:31 - messenger_server - INFO - 🔌 Клиент отключился: sent 1011 (internal error) keepalive ping timeout; no close frame received
2026-03-28 18:35:36 - messenger_server - INFO - 🔌 Клиент отключился: sent 1011 (internal error) keepalive ping timeout; no close frame received
2026-03-28 18:35:44 - messenger_server - INFO - 🔌 Клиент отключился: sent 1011 (internal error) keepalive ping timeout; no close frame received
2026-03-28 18:35:44 - messenger_server - INFO - 📋 История отправлена: 0 элементов для dik
2026-03-28 18:35:45 - messenger_server - INFO - 🔌 Клиент отключился: sent 1011 (internal error) keepalive ping timeout; no close frame received
2026-03-28 18:35:47 - messenger_server - INFO - 📋 История отправлена: 0 элементов для dik
2026-03-28 18:35:50 - messenger_server - INFO - 📋 История отправлена: 0 элементов для dik
2026-03-28 18:35:52 - messenger_server - INFO - 📋 История отправлена: 0 элементов для suk
2026-03-28 18:35:53 - messenger_server - INFO - 📋 История отправлена: 0 элементов для dik
2026-03-28 18:35:55 - messenger_server - INFO - 📋 История отправлена: 0 элементов для suk
2026-03-28 18:35:56 - messenger_server - INFO - 📋 История отправлена: 0 элементов для dik
2026-03-28 18:35:58 - messenger_server - INFO - 📋 История отправлена: 0 элементов для suk
2026-03-28 18:35:59 - messenger_server - INFO - 📋 История отправлена: 0 элементов для dik
2026-03-28 18:36:01 - messenger_server - INFO - 📋 История отправлена: 0 элементов для suk
2026-03-28 18:36:02 - messenger_server - INFO - 📋 История отправлена: 0 элементов для dik
2026-03-28 18:36:04 - messenger_server - INFO - 📋 История отправлена: 0 элементов для suk
2026-03-28 18:36:05 - messenger_server - INFO - 📋 История отправлена: 0 элементов для dik
2026-03-28 18:36:07 - messenger_server - INFO - 📋 История отправлена: 0 элементов для suk
2026-03-28 18:36:08 - messenger_server - INFO - 📋 История отправлена: 0 элементов для dik
2026-03-28 18:36:08 - messenger_server - INFO - 🔌 Клиент отключился: sent 1011 (internal error) keepalive ping timeout; no close frame received
2026-03-28 18:36:10 - messenger_server - INFO - 📋 История отправлена: 0 элементов для suk
2026-03-28 18:36:11 - messenger_server - INFO - 📋 История отправлена: 0 элементов для dik
2026-03-28 18:36:13 - messenger_server - INFO - 📋 История отправлена: 0 элементов для suk
2026-03-28 18:36:14 - messenger_server - INFO - 📋 История отправлена: 0 элементов для dik
2026-03-28 18:36:16 - messenger_server - INFO - 📋 История отправлена: 0 элементов для suk
2026-03-28 18:36:17 - messenger_server - INFO - 📋 История отправлена: 0 элементов для dik
2026-03-28 18:36:19 - messenger_server - INFO - 📋 История отправлена: 0 элементов для suk
2026-03-28 18:36:20 - messenger_server - INFO - 📋 История отправлена: 0 элементов для dik
2026-03-28 18:36:22 - messenger_server - INFO - 📋 История отправлена: 0 элементов для suk
2026-03-28 18:36:23 - messenger_server - INFO - 📋 История отправлена: 0 элементов для dik
2026-03-28 18:36:25 - messenger_server - INFO - 📋 История отправлена: 0 элементов для suk
2026-03-28 18:36:26 - messenger_server - INFO - 📋 История отправлена: 0 элементов для dik
2026-03-28 18:36:28 - messenger_server - INFO - 📋 История отправлена: 0 элементов для suk
2026-03-28 18:36:29 - messenger_server - INFO - 📋 История отправлена: 0 элементов для dik
2026-03-28 18:36:31 - messenger_server - INFO - 📋 История отправлена: 0 элементов для suk
2026-03-28 18:36:32 - messenger_server - INFO - 📋 История отправлена: 0 элементов для dik
2026-03-28 18:36:34 - messenger_server - INFO - 📋 История отправлена: 0 элементов для suk
2026-03-28 18:36:35 - messenger_server - INFO - 📋 История отправлена: 0 элементов для dik
2026-03-28 18:36:37 - messenger_server - INFO - 📋 История отправлена: 0 элементов для suk
2026-03-28 18:36:38 - messenger_server - INFO - 📋 История отправлена: 0 элементов для dik
2026-03-28 18:36:40 - messenger_server - INFO - 📋 История отправлена: 0 элементов для suk
2026-03-28 18:36:41 - messenger_server - INFO - 📋 История отправлена: 0 элементов для dik
2026-03-28 18:36:43 - messenger_server - INFO - 📋 История отправлена: 0 элементов для suk
2026-03-28 18:36:44 - messenger_server - INFO - 📋 История отправлена: 0 элементов для dik
2026-03-28 18:36:46 - messenger_server - INFO - 📋 История отправлена: 0 элементов для suk
2026-03-28 18:36:47 - messenger_server - INFO - 📋 История отправлена: 0 элементов для dik
2026-03-28 18:36:49 - messenger_server - INFO - 📋 История отправлена: 0 элементов для suk
2026-03-28 18:36:50 - messenger_server - INFO - 📋 История отправлена: 0 элементов для dik
2026-03-28 18:36:52 - messenger_server - INFO - 📋 История отправлена: 0 элементов для suk
2026-03-28 18:36:53 - messenger_server - INFO - 📋 История отправлена: 0 элементов для dik
2026-03-28 18:36:55 - messenger_server - INFO - 📋 История отправлена: 0 элементов для suk
2026-03-28 18:36:56 - messenger_server - INFO - 📋 История отправлена: 0 элементов для dik
2026-03-28 18:36:58 - messenger_server - INFO - 📋 История отправлена: 0 элементов для suk
2026-03-28 18:36:59 - messenger_server - INFO - 📋 История отправлена: 0 элементов для dik
2026-03-28 18:37:01 - messenger_server - INFO - 📋 История отправлена: 0 элементов для suk
2026-03-28 18:37:02 - messenger_server - INFO - 📋 История отправлена: 0 элементов для dik
2026-03-28 18:37:04 - messenger_server - INFO - 📋 История отправлена: 0 элементов для suk
2026-03-28 18:37:05 - messenger_server - INFO - 📋 История отправлена: 0 элементов для dik
2026-03-28 18:37:07 - messenger_server - INFO - 📋 История отправлена: 0 элементов для suk
2026-03-28 18:37:08 - messenger_server - INFO - 📋 История отправлена: 0 элементов для dik
2026-03-28 18:37:10 - messenger_server - INFO - 📋 История отправлена: 0 элементов для suk
2026-03-28 18:37:11 - messenger_server - INFO - 📋 История отправлена: 0 элементов для dik
2026-03-28 18:37:13 - messenger_server - INFO - 📋 История отправлена: 0 элементов для suk
2026-03-28 18:37:14 - messenger_server - INFO - 📋 История отправлена: 0 элементов для dik
2026-03-28 18:37:14 - messenger_server - INFO - 🔌 Клиент отключился: no close frame received or sent
2026-03-28 18:37:14 - messenger_server - INFO - 👋 Пользователь dik вышел из системы
2026-03-28 18:37:16 - messenger_server - INFO - 📋 История отправлена: 0 элементов для suk
2026-03-28 18:37:16 - messenger_server - INFO - 🔌 Клиент отключился: no close frame received or sent
2026-03-28 18:37:16 - messenger_server - INFO - 👋 Пользователь suk вышел из системы
2026-03-28 18:37:42 - messenger_server - INFO - 🛑 Сервер остановлен пользователем
2026-03-28 18:38:56 - messenger_server - INFO - ✅ aiofiles доступен — асинхронная работа с файлами
2026-03-28 18:38:56 - messenger_server - INFO - ✅ Сервер инициализирован
2026-03-28 18:38:56 - messenger_server - INFO - 🚀 Сервер запущен на ws://localhost:8765
2026-03-28 18:39:00 - messenger_server - ERROR - ❌ Ошибка отправлена клиенту: Неверное имя или пароль
2026-03-28 18:39:13 - messenger_server - ERROR - ❌ Ошибка отправлена клиенту: Неверное имя или пароль
2026-03-28 18:41:31 - messenger_server - INFO - ✅ Пользователь dik успешно вошёл в систему
2026-03-28 18:41:32 - messenger_server - INFO - 📋 История отправлена: 0 элементов для dik
2026-03-28 18:41:35 - messenger_server - INFO - 📋 История отправлена: 0 элементов для dik
2026-03-28 18:41:38 - messenger_server - INFO - 📋 История отправлена: 0 элементов для dik
2026-03-28 18:41:41 - messenger_server - INFO - 📋 История отправлена: 0 элементов для dik
2026-03-28 18:41:44 - messenger_server - INFO - 📋 История отправлена: 0 элементов для dik
2026-03-28 18:41:47 - messenger_server - INFO - 📋 История отправлена: 0 элементов для dik
2026-03-28 18:41:50 - messenger_server - INFO - 👋 Пользователь dik вышел из системы
2026-03-28 18:44:13 - messenger_server - INFO - ✅ Пользователь dik успешно вошёл в систему
2026-03-28 18:44:15 - messenger_server - INFO - 📋 История отправлена: 0 элементов для dik
2026-03-28 18:44:17 - messenger_server - INFO - 📋 История отправлена: 0 элементов для dik
2026-03-28 18:44:20 - messenger_server - INFO - 📋 История отправлена: 0 элементов для dik
2026-03-28 18:44:23 - messenger_server - INFO - 📋 История отправлена: 0 элементов для dik
2026-03-28 18:44:25 - messenger_server - INFO - 👋 Пользователь dik вышел из системы
2026-03-28 18:56:27 - messenger_server - INFO - ✅ Пользователь dik успешно вошёл в систему
2026-03-28 18:56:28 - messenger_server - INFO - 📋 История отправлена: 0 элементов для dik
2026-03-28 18:56:31 - messenger_server - INFO - 📋 История отправлена: 0 элементов для dik
2026-03-28 18:56:34 - messenger_server - INFO - 📋 История отправлена: 0 элементов для dik
2026-03-28 18:56:37 - messenger_server - INFO - 📋 История отправлена: 0 элементов для dik
2026-03-28 18:56:40 - messenger_server - INFO - 📋 История отправлена: 0 элементов для dik
2026-03-28 18:56:43 - messenger_server - INFO - 📋 История отправлена: 0 элементов для dik
2026-03-28 18:56:46 - messenger_server - INFO - 📋 История отправлена: 0 элементов для dik
2026-03-28 18:56:49 - messenger_server - INFO - 📋 История отправлена: 0 элементов для dik
2026-03-28 18:56:52 - messenger_server - INFO - 📋 История отправлена: 0 элементов для dik
2026-03-28 18:56:55 - messenger_server - INFO - 📋 История отправлена: 0 элементов для dik
2026-03-28 18:56:58 - messenger_server - INFO - 📋 История отправлена: 0 элементов для dik
2026-03-28 18:57:01 - messenger_server - INFO - 📋 История отправлена: 0 элементов для dik
2026-03-28 18:57:04 - messenger_server - INFO - 📋 История отправлена: 0 элементов для dik
2026-03-28 18:57:07 - messenger_server - INFO - 📋 История отправлена: 0 элементов для dik
2026-03-28 18:57:10 - messenger_server - INFO - 📋 История отправлена: 0 элементов для dik
2026-03-28 18:57:13 - messenger_server - INFO - 📋 История отправлена: 0 элементов для dik
2026-03-28 18:57:16 - messenger_server - INFO - 📋 История отправлена: 0 элементов для dik
2026-03-28 18:57:19 - messenger_server - INFO - 📋 История отправлена: 0 элементов для dik
2026-03-28 18:57:22 - messenger_server - INFO - 📋 История отправлена: 0 элементов для dik
2026-03-28 18:57:25 - messenger_server - INFO - 📋 История отправлена: 0 элементов для dik
2026-03-28 18:57:28 - messenger_server - INFO - 📋 История отправлена: 0 элементов для dik
2026-03-28 18:57:31 - messenger_server - INFO - 📋 История отправлена: 0 элементов для dik
2026-03-28 18:57:34 - messenger_server - INFO - 📋 История отправлена: 0 элементов для dik
2026-03-28 18:57:37 - messenger_server - INFO - 📋 История отправлена: 0 элементов для dik
2026-03-28 18:57:40 - messenger_server - INFO - 📋 История отправлена: 0 элементов для dik
2026-03-28 18:57:43 - messenger_server - INFO - 📋 История отправлена: 0 элементов для dik
2026-03-28 18:57:46 - messenger_server - INFO - 📋 История отправлена: 0 элементов для dik
2026-03-28 18:57:49 - messenger_server - INFO - 📋 История отправлена: 0 элементов для dik
2026-03-28 18:57:52 - messenger_server - INFO - 📋 История отправлена: 0 элементов для dik
2026-03-28 18:57:55 - messenger_server - INFO - 📋 История отправлена: 0 элементов для dik
2026-03-28 18:57:58 - messenger_server - INFO - 📋 История отправлена: 0 элементов для dik
2026-03-28 18:58:01 - messenger_server - INFO - 📋 История отправлена: 0 элементов для dik
2026-03-28 18:58:04 - messenger_server - INFO - 📋 История отправлена: 0 элементов для dik
2026-03-28 18:58:07 - messenger_server - INFO - 📋 История отправлена: 0 элементов для dik
2026-03-28 18:58:10 - messenger_server - INFO - 📋 История отправлена: 0 элементов для dik
2026-03-28 18:58:13 - messenger_server - INFO - 📋 История отправлена: 0 элементов для dik
2026-03-28 18:58:16 - messenger_server - INFO - 📋 История отправлена: 0 элементов для dik
2026-03-28 18:58:19 - messenger_server - INFO - 📋 История отправлена: 0 элементов для dik
2026-03-28 18:58:22 - messenger_server - INFO - 📋 История отправлена: 0 элементов для dik
2026-03-28 18:58:25 - messenger_server - INFO - 📋 История отправлена: 0 элементов для dik
2026-03-28 18:58:28 - messenger_server - INFO - 📋 История отправлена: 0 элементов для dik
2026-03-28 18:58:31 - messenger_server - INFO - 📋 История отправлена: 0 элементов для dik
2026-03-28 18:58:34 - messenger_server - INFO - 📋 История отправлена: 0 элементов для dik
2026-03-28 18:58:36 - messenger_server - INFO - 🔌 Клиент отключился: no close frame received or sent
2026-03-28 18:58:36 - messenger_server - INFO - 👋 Пользователь dik вышел из системы
2026-03-28 18:58:44 - messenger_server - INFO - ✅ Пользователь dik успешно вошёл в систему
2026-03-28 18:58:46 - messenger_server - INFO - 📋 История отправлена: 0 элементов для dik
2026-03-28 18:58:49 - messenger_server - INFO - 📋 История отправлена: 0 элементов для dik
2026-03-28 18:58:52 - messenger_server - INFO - 📋 История отправлена: 0 элементов для dik
2026-03-28 18:58:55 - messenger_server - INFO - 📋 История отправлена: 0 элементов для dik
2026-03-28 18:58:58 - messenger_server - INFO - 📋 История отправлена: 0 элементов для dik
2026-03-28 18:59:01 - messenger_server - INFO - 📋 История отправлена: 0 элементов для dik
2026-03-28 18:59:04 - messenger_server - INFO - 📋 История отправлена: 0 элементов для dik
2026-03-28 18:59:07 - messenger_server - INFO - 📋 История отправлена: 0 элементов для dik
2026-03-28 18:59:10 - messenger_server - INFO - 📋 История отправлена: 0 элементов для dik
2026-03-28 18:59:13 - messenger_server - INFO - 📋 История отправлена: 0 элементов для dik
2026-03-28 18:59:16 - messenger_server - INFO - 📋 История отправлена: 0 элементов для dik
2026-03-28 18:59:19 - messenger_server - INFO - 📋 История отправлена: 0 элементов для dik
2026-03-28 18:59:22 - messenger_server - INFO - 📋 История отправлена: 0 элементов для dik
2026-03-28 18:59:25 - messenger_server - INFO - 📋 История отправлена: 0 элементов для dik
2026-03-28 18:59:28 - messenger_server - INFO - 📋 История отправлена: 0 элементов для dik
2026-03-28 18:59:31 - messenger_server - INFO - 📋 История отправлена: 0 элементов для dik
2026-03-28 18:59:34 - messenger_server - INFO - 📋 История отправлена: 0 элементов для dik
2026-03-28 18:59:37 - messenger_server - INFO - 📋 История отправлена: 0 элементов для dik
2026-03-28 18:59:40 - messenger_server - INFO - 📋 История отправлена: 0 элементов для dik
2026-03-28 18:59:43 - messenger_server - INFO - 📋 История отправлена: 0 элементов для dik
2026-03-28 18:59:46 - messenger_server - INFO - 📋 История отправлена: 0 элементов для dik
2026-03-28 18:59:49 - messenger_server - INFO - 📋 История отправлена: 0 элементов для dik
2026-03-28 18:59:52 - messenger_server - INFO - 📋 История отправлена: 0 элементов для dik
2026-03-28 18:59:55 - messenger_server - INFO - 📋 История отправлена: 0 элементов для dik
2026-03-28 18:59:58 - messenger_server - INFO - 📋 История отправлена: 0 элементов для dik
2026-03-28 19:00:01 - messenger_server - INFO - 📋 История отправлена: 0 элементов для dik
2026-03-28 19:00:04 - messenger_server - INFO - 📋 История отправлена: 0 элементов для dik
2026-03-28 19:00:07 - messenger_server - INFO - 📋 История отправлена: 0 элементов для dik
2026-03-28 19:00:10 - messenger_server - INFO - 📋 История отправлена: 0 элементов для dik
2026-03-28 19:00:13 - messenger_server - INFO - 📋 История отправлена: 0 элементов для dik
2026-03-28 19:00:16 - messenger_server - INFO - 📋 История отправлена: 0 элементов для dik
2026-03-28 19:00:19 - messenger_server - INFO - 📋 История отправлена: 0 элементов для dik
2026-03-28 19:00:22 - messenger_server - INFO - 📋 История отправлена: 0 элементов для dik
2026-03-28 19:00:25 - messenger_server - INFO - 📋 История отправлена: 0 элементов для dik
2026-03-28 19:00:28 - messenger_server - INFO - 📋 История отправлена: 0 элементов для dik
2026-03-28 19:00:31 - messenger_server - INFO - 📋 История отправлена: 0 элементов для dik
2026-03-28 19:00:34 - messenger_server - INFO - 📋 История отправлена: 0 элементов для dik
2026-03-28 19:00:37 - messenger_server - INFO - 📋 История отправлена: 0 элементов для dik
2026-03-28 19:00:40 - messenger_server - INFO - 📋 История отправлена: 0 элементов для dik
2026-03-28 19:00:43 - messenger_server - INFO - 📋 История отправлена: 0 элементов для dik
2026-03-28 19:00:46 - messenger_server - INFO - 📋 История отправлена: 0 элементов для dik
2026-03-28 19:00:49 - messenger_server - INFO - 📋 История отправлена: 0 элементов для dik
2026-03-28 19:00:52 - messenger_server - INFO - 📋 История отправлена: 0 элементов для dik
2026-03-28 19:00:55 - messenger_server - INFO - 📋 История отправлена: 0 элементов для dik
2026-03-28 19:00:58 - messenger_server - INFO - 📋 История отправлена: 0 элементов для dik
2026-03-28 19:01:01 - messenger_server - INFO - 📋 История отправлена: 0 элементов для dik
2026-03-28 19:01:04 - messenger_server - INFO - 📋 История отправлена: 0 элементов для dik
2026-03-28 19:01:07 - messenger_server - INFO - 📋 История отправлена: 0 элементов для dik
2026-03-28 19:01:10 - messenger_server - INFO - 📋 История отправлена: 0 элементов для dik
2026-03-28 19:01:13 - messenger_server - INFO - 📋 История отправлена: 0 элементов для dik
2026-03-28 19:01:16 - messenger_server - INFO - 📋 История отправлена: 0 элементов для dik
2026-03-28 19:01:19 - messenger_server - INFO - 📋 История отправлена: 0 элементов для dik
2026-03-28 19:01:22 - messenger_server - INFO - 📋 История отправлена: 0 элементов для dik
2026-03-28 19:01:25 - messenger_server - INFO - 📋 История отправлена: 0 элементов для dik
2026-03-28 19:01:28 - messenger_server - INFO - 📋 История отправлена: 0 элементов для dik
2026-03-28 19:01:31 - messenger_server - INFO - 📋 История отправлена: 0 элементов для dik
2026-03-28 19:01:34 - messenger_server - INFO - 📋 История отправлена: 0 элементов для dik
2026-03-28 19:01:37 - messenger_server - INFO - 📋 История отправлена: 0 элементов для dik
2026-03-28 19:01:40 - messenger_server - INFO - 📋 История отправлена: 0 элементов для dik
2026-03-28 19:01:43 - messenger_server - INFO - 📋 История отправлена: 0 элементов для dik
2026-03-28 19:01:46 - messenger_server - INFO - 📋 История отправлена: 0 элементов для dik
2026-03-28 19:01:49 - messenger_server - INFO - 📋 История отправлена: 0 элементов для dik
2026-03-28 19:01:52 - messenger_server - INFO - 📋 История отправлена: 0 элементов для dik
2026-03-28 19:01:55 - messenger_server - INFO - 📋 История отправлена: 0 элементов для dik
2026-03-28 19:01:58 - messenger_server - INFO - 📋 История отправлена: 0 элементов для dik
2026-03-28 19:02:01 - messenger_server - INFO - 📋 История отправлена: 0 элементов для dik
2026-03-28 19:02:04 - messenger_server - INFO - 📋 История отправлена: 0 элементов для dik
2026-03-28 19:02:07 - messenger_server - INFO - 📋 История отправлена: 0 элементов для dik
2026-03-28 19:02:07 - messenger_server - INFO - 🔌 Клиент отключился: no close frame received or sent
2026-03-28 19:02:07 - messenger_server - INFO - 👋 Пользователь dik вышел из системы
2026-03-28 19:02:16 - messenger_server - INFO - ✅ Пользователь dik успешно вошёл в систему
2026-03-28 19:02:18 - messenger_server - INFO - 📋 История отправлена: 0 элементов для dik
2026-03-28 19:02:21 - messenger_server - INFO - 📋 История отправлена: 0 элементов для dik
2026-03-28 19:02:24 - messenger_server - INFO - 📋 История отправлена: 0 элементов для dik
2026-03-28 19:02:27 - messenger_server - INFO - 📋 История отправлена: 0 элементов для dik
2026-03-28 19:02:30 - messenger_server - INFO - 📋 История отправлена: 0 элементов для dik
2026-03-28 19:02:33 - messenger_server - INFO - 📋 История отправлена: 0 элементов для dik
2026-03-28 19:02:36 - messenger_server - INFO - 📋 История отправлена: 0 элементов для dik
2026-03-28 19:02:39 - messenger_server - INFO - 📋 История отправлена: 0 элементов для dik
2026-03-28 19:02:42 - messenger_server - INFO - 📋 История отправлена: 0 элементов для dik
2026-03-28 19:02:45 - messenger_server - INFO - 📋 История отправлена: 0 элементов для dik
2026-03-28 19:02:48 - messenger_server - INFO - 📋 История отправлена: 0 элементов для dik
2026-03-28 19:02:51 - messenger_server - INFO - 📋 История отправлена: 0 элементов для dik
2026-03-28 19:02:54 - messenger_server - INFO - 📋 История отправлена: 0 элементов для dik
2026-03-28 19:02:57 - messenger_server - INFO - 📋 История отправлена: 0 элементов для dik
2026-03-28 19:03:00 - messenger_server - INFO - 📋 История отправлена: 0 элементов для dik
2026-03-28 19:03:03 - messenger_server - INFO - 📋 История отправлена: 0 элементов для dik
2026-03-28 19:03:06 - messenger_server - INFO - 📋 История отправлена: 0 элементов для dik
2026-03-28 19:03:09 - messenger_server - INFO - 📋 История отправлена: 0 элементов для dik
2026-03-28 19:03:09 - messenger_server - INFO - 🔌 Клиент отключился: no close frame received or sent
2026-03-28 19:03:09 - messenger_server - INFO - 👋 Пользователь dik вышел из системы
2026-03-28 19:24:26 - messenger_server - INFO - ✅ Пользователь dik успешно вошёл в систему
2026-03-28 19:24:28 - messenger_server - INFO - 📋 История отправлена: 0 элементов для dik
2026-03-28 19:24:30 - messenger_server - INFO - 📋 История отправлена: 0 элементов для dik
2026-03-28 19:24:33 - messenger_server - INFO - 📋 История отправлена: 0 элементов для dik
2026-03-28 19:24:36 - messenger_server - INFO - 📋 История отправлена: 0 элементов для dik
2026-03-28 19:24:39 - messenger_server - INFO - 📋 История отправлена: 0 элементов для dik
2026-03-28 19:24:42 - messenger_server - INFO - 📋 История отправлена: 0 элементов для dik
2026-03-28 19:24:45 - messenger_server - INFO - 📋 История отправлена: 0 элементов для dik
2026-03-28 19:24:48 - messenger_server - INFO - 📋 История отправлена: 0 элементов для dik
2026-03-28 19:24:51 - messenger_server - INFO - 📋 История отправлена: 0 элементов для dik
2026-03-28 19:24:54 - messenger_server - INFO - 📋 История отправлена: 0 элементов для dik
2026-03-28 19:24:57 - messenger_server - INFO - 📋 История отправлена: 0 элементов для dik
2026-03-28 19:25:00 - messenger_server - INFO - 📋 История отправлена: 0 элементов для dik
2026-03-28 19:25:03 - messenger_server - INFO - 📋 История отправлена: 0 элементов для dik
2026-03-28 19:25:06 - messenger_server - INFO - 📋 История отправлена: 0 элементов для dik
2026-03-28 19:25:09 - messenger_server - INFO - 📋 История отправлена: 0 элементов для dik
2026-03-28 19:25:12 - messenger_server - INFO - 📋 История отправлена: 0 элементов для dik
2026-03-28 19:25:15 - messenger_server - INFO - 📋 История отправлена: 0 элементов для dik
2026-03-28 19:25:18 - messenger_server - INFO - 📋 История отправлена: 0 элементов для dik
2026-03-28 19:25:21 - messenger_server - INFO - 📋 История отправлена: 0 элементов для dik
2026-03-28 19:25:24 - messenger_server - INFO - 📋 История отправлена: 0 элементов для dik
2026-03-28 19:25:27 - messenger_server - INFO - 📋 История отправлена: 0 элементов для dik
2026-03-28 19:25:30 - messenger_server - INFO - 📋 История отправлена: 0 элементов для dik
2026-03-28 19:25:33 - messenger_server - INFO - 📋 История отправлена: 0 элементов для dik
2026-03-28 19:25:36 - messenger_server - INFO - 📋 История отправлена: 0 элементов для dik
2026-03-28 19:25:39 - messenger_server - INFO - 📋 История отправлена: 0 элементов для dik
2026-03-28 19:25:42 - messenger_server - INFO - 📋 История отправлена: 0 элементов для dik
2026-03-28 19:25:45 - messenger_server - INFO - 📋 История отправлена: 0 элементов для dik
2026-03-28 19:25:48 - messenger_server - INFO - 📋 История отправлена: 0 элементов для dik
2026-03-28 19:25:49 - messenger_server - INFO - 🔌 Клиент отключился: no close frame received or sent
2026-03-28 19:25:49 - messenger_server - INFO - 👋 Пользователь dik вышел из системы
2026-03-28 19:28:35 - messenger_server - INFO - 🛑 Сервер остановлен пользователем
2026-03-28 19:28:36 - messenger_server - INFO - ✅ aiofiles доступен — асинхронная работа с файлами
2026-03-28 19:28:36 - messenger_server - INFO - ✅ Сервер инициализирован
2026-03-28 19:28:36 - messenger_server - INFO - 🚀 Сервер запущен на ws://localhost:8765
2026-03-28 19:28:49 - messenger_server - INFO - ✅ Пользователь dik успешно вошёл в систему
2026-03-28 19:28:56 - messenger_server - INFO - 📋 История отправлена: 0 элементов для dik
2026-03-28 19:28:56 - messenger_server - INFO - 📋 История отправлена: 0 элементов для dik
2026-03-28 19:28:59 - messenger_server - INFO - 📋 История отправлена: 0 элементов для dik
2026-03-28 19:29:02 - messenger_server - INFO - 📋 История отправлена: 0 элементов для dik
2026-03-28 19:29:05 - messenger_server - INFO - 📋 История отправлена: 0 элементов для dik
2026-03-28 19:29:08 - messenger_server - INFO - 📋 История отправлена: 0 элементов для dik
2026-03-28 19:29:11 - messenger_server - INFO - 📋 История отправлена: 0 элементов для dik
2026-03-28 19:29:14 - messenger_server - INFO - 📋 История отправлена: 0 элементов для dik
2026-03-28 19:29:17 - messenger_server - INFO - 🔌 Клиент отключился: no close frame received or sent
2026-03-28 19:29:17 - messenger_server - INFO - 👋 Пользователь dik вышел из системы
2026-03-28 19:29:21 - messenger_server - INFO - 🛑 Сервер остановлен пользователем
2026-03-28 19:31:39 - messenger_server - INFO - ✅ aiofiles доступен — асинхронная работа с файлами
2026-03-28 19:31:39 - messenger_server - INFO - ✅ Сервер инициализирован
2026-03-28 19:31:39 - messenger_server - INFO - 🚀 Сервер запущен на ws://localhost:8765
2026-03-28 19:31:59 - messenger_server - ERROR - ❌ Ошибка отправлена клиенту: Неверное имя или пароль
2026-03-28 19:32:53 - messenger_server - INFO - ✅ Пользователь dik успешно вошёл в систему
2026-03-28 19:32:53 - messenger_server - INFO - 👋 Пользователь dik вышел из системы
2026-03-28 19:34:47 - messenger_server - INFO - ✅ Пользователь dik успешно вошёл в систему
2026-03-28 19:34:47 - messenger_server - INFO - 👋 Пользователь dik вышел из системы
2026-03-28 19:37:32 - messenger_server - INFO - 🛑 Сервер остановлен пользователем
2026-03-28 19:37:42 - messenger_server - INFO - ✅ aiofiles доступен — асинхронная работа с файлами
2026-03-28 19:37:42 - messenger_server - INFO - ✅ Сервер инициализирован
2026-03-28 19:37:42 - messenger_server - INFO - 🚀 Сервер запущен на ws://localhost:8765
2026-03-28 19:37:43 - messenger_server - INFO - 🛑 Сервер остановлен пользователем
2026-03-28 19:38:01 - messenger_server - INFO - ✅ aiofiles доступен — асинхронная работа с файлами
2026-03-28 19:38:01 - messenger_server - INFO - ✅ Сервер инициализирован
2026-03-28 19:38:01 - messenger_server - INFO - 🚀 Сервер запущен на ws://localhost:8765
2026-03-28 19:38:09 - messenger_server - INFO - ✅ Пользователь dik успешно вошёл в систему
2026-03-28 19:38:09 - messenger_server - INFO - 👋 Пользователь dik вышел из системы
2026-03-28 19:41:49 - messenger_server - INFO - ✅ Пользователь dik успешно вошёл в систему
2026-03-28 19:41:49 - messenger_server - INFO - 👋 Пользователь dik вышел из системы
2026-03-28 19:45:19 - messenger_server - INFO - 🛑 Сервер остановлен пользователем
2026-03-28 19:45:27 - messenger_server - INFO - ✅ aiofiles доступен — асинхронная работа с файлами
2026-03-28 19:45:27 - messenger_server - INFO - ✅ Сервер инициализирован
2026-03-28 19:45:27 - messenger_server - INFO - 🚀 Сервер запущен на ws://localhost:8765
2026-03-28 19:45:34 - messenger_server - INFO - 🛑 Сервер остановлен пользователем
2026-03-28 19:45:38 - messenger_server - INFO - ✅ aiofiles доступен — асинхронная работа с файлами
2026-03-28 19:45:38 - messenger_server - INFO - ✅ Сервер инициализирован
2026-03-28 19:45:38 - messenger_server - INFO - 🚀 Сервер запущен на ws://localhost:8765
2026-03-28 19:46:37 - messenger_server - INFO - ✅ Пользователь dik успешно вошёл в систему
2026-03-28 19:46:37 - messenger_server - INFO - 👋 Пользователь dik вышел из системы
2026-03-28 19:51:02 - messenger_server - INFO - ✅ Пользователь dik успешно вошёл в систему
2026-03-28 19:51:02 - messenger_server - INFO - 👋 Пользователь dik вышел из системы
2026-03-28 19:53:31 - messenger_server - INFO - 🛑 Сервер остановлен пользователем
2026-03-28 19:54:33 - messenger_server - INFO - ✅ aiofiles доступен — асинхронная работа с файлами
2026-03-28 19:54:33 - messenger_server - INFO - ✅ Сервер инициализирован
2026-03-28 19:54:33 - messenger_server - INFO - 🚀 Сервер запущен на ws://localhost:8765
2026-03-28 19:55:40 - messenger_server - INFO - ✅ Пользователь dik успешно вошёл в систему
2026-03-28 19:55:40 - messenger_server - ERROR - ❌ Ошибка в handle_client: name 'data' is not defined
Traceback (most recent call last):
  File "C:\Users\Admin\PycharmProjects\PythonProject\massenger\server\messenger_server.py", line 277, in handle_client
    await self.handle_message(websocket, data, authenticated_username, request_id)
  File "C:\Users\Admin\PycharmProjects\PythonProject\massenger\server\messenger_server.py", line 420, in handle_message
    logger.debug(f"📥 handle_message: from={authenticated_username}, to={data.get('recipient')}")
                                                                         ^^^^
NameError: name 'data' is not defined
2026-03-28 19:55:40 - messenger_server - INFO - 👋 Пользователь dik вышел из системы
2026-03-28 19:57:54 - messenger_server - INFO - ✅ Пользователь dik успешно вошёл в систему
2026-03-28 19:57:54 - messenger_server - ERROR - ❌ Ошибка в handle_client: name 'data' is not defined
Traceback (most recent call last):
  File "C:\Users\Admin\PycharmProjects\PythonProject\massenger\server\messenger_server.py", line 277, in handle_client
    await self.handle_message(websocket, data, authenticated_username, request_id)
  File "C:\Users\Admin\PycharmProjects\PythonProject\massenger\server\messenger_server.py", line 420, in handle_message
    logger.debug(f"📥 handle_message: from={authenticated_username}, to={data.get('recipient')}")
                                                                         ^^^^
NameError: name 'data' is not defined
2026-03-28 19:57:54 - messenger_server - INFO - 👋 Пользователь dik вышел из системы
2026-03-28 20:03:14 - messenger_server - INFO - 🛑 Сервер остановлен пользователем
2026-03-28 20:03:15 - messenger_server - INFO - ✅ aiofiles доступен — асинхронная работа с файлами
2026-03-28 20:03:15 - messenger_server - INFO - ✅ Сервер инициализирован
2026-03-28 20:03:15 - messenger_server - INFO - 🚀 Сервер запущен на ws://localhost:8765
2026-03-28 20:03:52 - messenger_server - INFO - ✅ Пользователь dik успешно вошёл в систему
2026-03-28 20:03:52 - messenger_server - ERROR - ❌ Ошибка в handle_client: name 'encrypted' is not defined
Traceback (most recent call last):
  File "C:\Users\Admin\PycharmProjects\PythonProject\massenger\server\messenger_server.py", line 277, in handle_client
    await self.handle_message(websocket, data, authenticated_username, request_id)
  File "C:\Users\Admin\PycharmProjects\PythonProject\massenger\server\messenger_server.py", line 430, in handle_message
    if not recipient or not encrypted:
                            ^^^^^^^^^
NameError: name 'encrypted' is not defined
2026-03-28 20:03:52 - messenger_server - INFO - 👋 Пользователь dik вышел из системы
2026-03-28 20:04:56 - messenger_server - INFO - ✅ Пользователь dik успешно вошёл в систему
2026-03-28 20:04:56 - messenger_server - ERROR - ❌ Ошибка в handle_client: name 'encrypted' is not defined
Traceback (most recent call last):
  File "C:\Users\Admin\PycharmProjects\PythonProject\massenger\server\messenger_server.py", line 277, in handle_client
    await self.handle_message(websocket, data, authenticated_username, request_id)
  File "C:\Users\Admin\PycharmProjects\PythonProject\massenger\server\messenger_server.py", line 430, in handle_message
    if not recipient or not encrypted:
                            ^^^^^^^^^
NameError: name 'encrypted' is not defined
2026-03-28 20:04:56 - messenger_server - INFO - 👋 Пользователь dik вышел из системы
2026-03-28 20:06:12 - messenger_server - INFO - 🛑 Сервер остановлен пользователем
2026-03-28 20:06:13 - messenger_server - INFO - ✅ aiofiles доступен — асинхронная работа с файлами
2026-03-28 20:06:13 - messenger_server - INFO - ✅ Сервер инициализирован
2026-03-28 20:06:13 - messenger_server - INFO - 🚀 Сервер запущен на ws://localhost:8765
2026-03-28 20:06:28 - messenger_server - INFO - ✅ Пользователь dik успешно вошёл в систему
2026-03-28 20:06:28 - messenger_server - ERROR - ❌ Ошибка в handle_client: name 'encrypted' is not defined
Traceback (most recent call last):
  File "C:\Users\Admin\PycharmProjects\PythonProject\massenger\server\messenger_server.py", line 277, in handle_client
    await self.handle_message(websocket, data, authenticated_username, request_id)
  File "C:\Users\Admin\PycharmProjects\PythonProject\massenger\server\messenger_server.py", line 430, in handle_message
    if not recipient or not encrypted:
                            ^^^^^^^^^
NameError: name 'encrypted' is not defined
2026-03-28 20:06:28 - messenger_server - INFO - 👋 Пользователь dik вышел из системы
2026-03-28 20:12:10 - messenger_server - INFO - 🛑 Сервер остановлен пользователем
2026-03-28 20:12:11 - messenger_server - INFO - ✅ aiofiles доступен — асинхронная работа с файлами
2026-03-28 20:12:11 - messenger_server - INFO - ✅ Сервер инициализирован
2026-03-28 20:12:11 - messenger_server - INFO - 🚀 Сервер запущен на ws://localhost:8765
2026-03-28 20:12:13 - messenger_server - INFO - 🛑 Сервер остановлен пользователем
2026-03-28 20:12:21 - messenger_server - INFO - ✅ aiofiles доступен — асинхронная работа с файлами
2026-03-28 20:12:21 - messenger_server - INFO - ✅ Сервер инициализирован
2026-03-28 20:12:21 - messenger_server - INFO - 🚀 Сервер запущен на ws://localhost:8765
2026-03-28 20:12:26 - messenger_server - INFO - ✅ Пользователь dik успешно вошёл в систему
2026-03-28 20:12:26 - messenger_server - INFO - 📋 История отправлена: 1 элементов для dik
2026-03-28 20:12:26 - messenger_server - INFO - 👋 Пользователь dik вышел из системы
2026-03-28 20:13:11 - messenger_server - INFO - ✅ Пользователь dik успешно вошёл в систему
2026-03-28 20:13:12 - messenger_server - INFO - 📋 История отправлена: 1 элементов для dik
2026-03-28 20:13:15 - messenger_server - INFO - 📋 История отправлена: 1 элементов для dik
2026-03-28 20:13:18 - messenger_server - INFO - 📋 История отправлена: 1 элементов для dik
2026-03-28 20:13:21 - messenger_server - INFO - 📋 История отправлена: 1 элементов для dik
2026-03-28 20:13:24 - messenger_server - INFO - 📋 История отправлена: 1 элементов для dik
2026-03-28 20:13:27 - messenger_server - INFO - 📋 История отправлена: 1 элементов для dik
2026-03-28 20:13:28 - messenger_server - INFO - 👋 Пользователь dik вышел из системы
2026-03-28 20:20:55 - messenger_server - INFO - 🛑 Сервер остановлен пользователем
2026-03-28 20:21:04 - messenger_server - INFO - ✅ aiofiles доступен — асинхронная работа с файлами
2026-03-28 20:21:04 - messenger_server - INFO - ✅ Сервер инициализирован
2026-03-28 20:21:04 - messenger_server - INFO - 🚀 Сервер запущен на ws://localhost:8765
2026-03-28 20:27:37 - messenger_server - INFO - 🛑 Сервер остановлен пользователем
2026-03-28 20:27:37 - messenger_server - INFO - ✅ aiofiles доступен — асинхронная работа с файлами
2026-03-28 20:27:37 - messenger_server - INFO - ✅ Сервер инициализирован
2026-03-28 20:27:37 - messenger_server - INFO - 🚀 Сервер запущен на ws://localhost:8765
2026-03-28 20:27:44 - messenger_server - INFO - 🛑 Сервер остановлен пользователем
2026-03-28 20:27:45 - messenger_server - INFO - ✅ aiofiles доступен — асинхронная работа с файлами
2026-03-28 20:27:45 - messenger_server - INFO - ✅ Сервер инициализирован
2026-03-28 20:27:45 - messenger_server - INFO - 🚀 Сервер запущен на ws://localhost:8765
2026-03-28 20:29:33 - messenger_server - INFO - ✅ Пользователь dik успешно вошёл в систему
2026-03-28 20:29:42 - messenger_server - INFO - 📋 История отправлена: 1 элементов для dik
2026-03-28 20:29:44 - messenger_server - INFO - 📋 История отправлена: 1 элементов для dik
2026-03-28 20:29:47 - messenger_server - INFO - 📋 История отправлена: 1 элементов для dik
2026-03-28 20:29:50 - messenger_server - INFO - 📋 История отправлена: 1 элементов для dik
2026-03-28 20:29:53 - messenger_server - INFO - 📋 История отправлена: 1 элементов для dik
2026-03-28 20:29:53 - messenger_server - INFO - 👋 Пользователь dik вышел из системы
2026-03-28 20:34:05 - messenger_server - INFO - ✅ Пользователь dik успешно вошёл в систему
2026-03-28 20:34:05 - messenger_server - INFO - 📋 История отправлена: 1 элементов для dik
2026-03-28 20:34:05 - messenger_server - INFO - 👋 Пользователь dik вышел из системы
2026-03-28 20:34:31 - messenger_server - INFO - ✅ Пользователь dik успешно вошёл в систему
2026-03-28 20:34:31 - messenger_server - INFO - 📋 История отправлена: 1 элементов для dik
2026-03-28 20:34:31 - messenger_server - INFO - 👋 Пользователь dik вышел из системы
2026-03-28 20:44:36 - messenger_server - INFO - ✅ Пользователь dik успешно вошёл в систему
2026-03-28 20:44:36 - messenger_server - INFO - 📋 История отправлена: 2 элементов для dik
2026-03-28 20:44:36 - messenger_server - INFO - 🔌 Клиент отключился: no close frame received or sent
2026-03-28 20:44:36 - messenger_server - INFO - 👋 Пользователь dik вышел из системы
2026-03-28 20:44:54 - messenger_server - INFO - 🛑 Сервер остановлен пользователем
2026-03-28 20:44:55 - messenger_server - INFO - ✅ aiofiles доступен — асинхронная работа с файлами
2026-03-28 20:44:55 - messenger_server - INFO - ✅ Сервер инициализирован
2026-03-28 20:44:55 - messenger_server - INFO - 🚀 Сервер запущен на ws://localhost:8765
2026-03-28 20:45:17 - messenger_server - INFO - ✅ Пользователь dik успешно вошёл в систему
2026-03-28 20:45:18 - messenger_server - INFO - 📋 История отправлена: 3 элементов для dik
2026-03-28 20:45:18 - messenger_server - INFO - 🔌 Клиент отключился: no close frame received or sent
2026-03-28 20:45:18 - messenger_server - INFO - 👋 Пользователь dik вышел из системы
2026-03-28 20:49:55 - messenger_server - INFO - 🛑 Сервер остановлен пользователем
2026-03-28 21:16:17 - messenger_server - INFO - ✅ aiofiles доступен — асинхронная работа с файлами
2026-03-28 21:16:17 - messenger_server - INFO - ✅ Сервер инициализирован
2026-03-28 21:16:17 - messenger_server - INFO - 🚀 Сервер запущен на ws://localhost:8765
2026-03-28 21:16:34 - messenger_server - INFO - ✅ Пользователь dik успешно вошёл в систему
2026-03-28 21:16:34 - messenger_server - INFO - 👋 Пользователь dik вышел из системы
2026-03-28 21:53:32 - messenger_server - INFO - ✅ Пользователь dik успешно вошёл в систему
2026-03-28 21:53:32 - messenger_server - INFO - 👋 Пользователь dik вышел из системы
2026-03-28 21:54:58 - messenger_server - INFO - ✅ Пользователь dik успешно вошёл в систему
2026-03-28 21:55:00 - messenger_server - INFO - 📋 История отправлена: 4 элементов для dik
2026-03-28 21:55:02 - messenger_server - INFO - 📋 История отправлена: 4 элементов для dik
2026-03-28 21:55:05 - messenger_server - INFO - 📋 История отправлена: 6 элементов для dik
2026-03-28 21:55:08 - messenger_server - INFO - 📋 История отправлена: 7 элементов для dik
2026-03-28 21:55:11 - messenger_server - INFO - 📋 История отправлена: 7 элементов для dik
2026-03-28 21:55:14 - messenger_server - INFO - 📋 История отправлена: 7 элементов для dik
2026-03-28 21:55:17 - messenger_server - INFO - 📋 История отправлена: 7 элементов для dik
2026-03-28 21:55:20 - messenger_server - INFO - 📋 История отправлена: 7 элементов для dik
2026-03-28 21:55:23 - messenger_server - INFO - 📋 История отправлена: 7 элементов для dik
2026-03-28 21:55:26 - messenger_server - INFO - 📋 История отправлена: 7 элементов для dik
2026-03-28 21:55:29 - messenger_server - INFO - 📋 История отправлена: 7 элементов для dik
2026-03-28 21:55:32 - messenger_server - INFO - 📋 История отправлена: 7 элементов для dik
2026-03-28 21:55:35 - messenger_server - INFO - 📋 История отправлена: 7 элементов для dik
2026-03-28 21:55:38 - messenger_server - INFO - 📋 История отправлена: 7 элементов для dik
2026-03-28 21:55:41 - messenger_server - INFO - 📋 История отправлена: 7 элементов для dik
2026-03-28 21:55:44 - messenger_server - INFO - 📋 История отправлена: 7 элементов для dik
2026-03-28 21:55:47 - messenger_server - INFO - 📋 История отправлена: 7 элементов для dik
2026-03-28 21:55:50 - messenger_server - INFO - 📋 История отправлена: 7 элементов для dik
2026-03-28 21:55:53 - messenger_server - INFO - 📋 История отправлена: 7 элементов для dik
2026-03-28 21:55:56 - messenger_server - INFO - 📋 История отправлена: 7 элементов для dik
2026-03-28 21:55:59 - messenger_server - INFO - 📋 История отправлена: 7 элементов для dik
2026-03-28 21:56:02 - messenger_server - INFO - 📋 История отправлена: 7 элементов для dik
2026-03-28 21:56:05 - messenger_server - INFO - 📋 История отправлена: 7 элементов для dik
2026-03-28 21:56:08 - messenger_server - INFO - 📋 История отправлена: 7 элементов для dik
2026-03-28 21:56:11 - messenger_server - INFO - 📋 История отправлена: 7 элементов для dik
2026-03-28 21:56:14 - messenger_server - INFO - 📋 История отправлена: 7 элементов для dik
2026-03-28 21:56:17 - messenger_server - INFO - 📋 История отправлена: 7 элементов для dik
2026-03-28 21:56:20 - messenger_server - INFO - 📋 История отправлена: 7 элементов для dik
2026-03-28 21:56:23 - messenger_server - INFO - 📋 История отправлена: 7 элементов для dik
2026-03-28 21:56:26 - messenger_server - INFO - 📋 История отправлена: 7 элементов для dik
2026-03-28 21:56:29 - messenger_server - INFO - 📋 История отправлена: 7 элементов для dik
2026-03-28 21:56:32 - messenger_server - INFO - 📋 История отправлена: 7 элементов для dik
2026-03-28 21:56:35 - messenger_server - INFO - 📋 История отправлена: 7 элементов для dik
2026-03-28 21:56:38 - messenger_server - INFO - 📋 История отправлена: 7 элементов для dik
2026-03-28 21:56:41 - messenger_server - INFO - 📋 История отправлена: 7 элементов для dik
2026-03-28 21:56:44 - messenger_server - INFO - 📋 История отправлена: 7 элементов для dik
2026-03-28 21:56:47 - messenger_server - INFO - 📋 История отправлена: 7 элементов для dik
2026-03-28 21:56:50 - messenger_server - INFO - 📋 История отправлена: 7 элементов для dik
2026-03-28 21:56:53 - messenger_server - INFO - 📋 История отправлена: 7 элементов для dik
2026-03-28 21:56:56 - messenger_server - INFO - 📋 История отправлена: 7 элементов для dik
2026-03-28 21:56:59 - messenger_server - INFO - 📋 История отправлена: 7 элементов для dik
2026-03-28 21:57:02 - messenger_server - INFO - 📋 История отправлена: 7 элементов для dik
2026-03-28 21:57:05 - messenger_server - INFO - 📋 История отправлена: 7 элементов для dik
2026-03-28 21:57:08 - messenger_server - INFO - 📋 История отправлена: 7 элементов для dik
2026-03-28 21:57:11 - messenger_server - INFO - 📋 История отправлена: 7 элементов для dik
2026-03-28 21:57:14 - messenger_server - INFO - 📋 История отправлена: 7 элементов для dik
2026-03-28 21:57:17 - messenger_server - INFO - 📋 История отправлена: 7 элементов для dik
2026-03-28 21:57:20 - messenger_server - INFO - 📋 История отправлена: 7 элементов для dik
2026-03-28 21:57:23 - messenger_server - INFO - 📋 История отправлена: 7 элементов для dik
2026-03-28 21:57:26 - messenger_server - INFO - ✅ Пользователь suk успешно вошёл в систему
2026-03-28 21:57:26 - messenger_server - INFO - 📋 История отправлена: 7 элементов для dik
2026-03-28 21:57:29 - messenger_server - INFO - 📋 История отправлена: 7 элементов для suk
2026-03-28 21:57:29 - messenger_server - INFO - 📋 История отправлена: 7 элементов для dik
2026-03-28 21:57:30 - messenger_server - INFO - 📋 История отправлена: 7 элементов для suk
2026-03-28 21:57:32 - messenger_server - INFO - 📋 История отправлена: 7 элементов для dik
2026-03-28 21:57:32 - messenger_server - INFO - 📋 История отправлена: 7 элементов для dik
2026-03-28 21:57:33 - messenger_server - INFO - 📋 История отправлена: 7 элементов для suk
2026-03-28 21:57:35 - messenger_server - INFO - 📋 История отправлена: 7 элементов для dik
2026-03-28 21:57:36 - messenger_server - INFO - 📋 История отправлена: 7 элементов для suk
2026-03-28 21:57:37 - messenger_server - INFO - 📤 Уведомление отправлено: suk
2026-03-28 21:57:38 - messenger_server - INFO - 📋 История отправлена: 8 элементов для dik
2026-03-28 21:57:39 - messenger_server - INFO - 📋 История отправлена: 8 элементов для suk
2026-03-28 21:57:40 - messenger_server - INFO - 📤 Уведомление отправлено: suk
2026-03-28 21:57:41 - messenger_server - INFO - 📤 Уведомление отправлено: suk
2026-03-28 21:57:41 - messenger_server - INFO - 📋 История отправлена: 10 элементов для dik
2026-03-28 21:57:42 - messenger_server - INFO - 📤 Уведомление отправлено: suk
2026-03-28 21:57:42 - messenger_server - INFO - 📋 История отправлена: 11 элементов для suk
2026-03-28 21:57:42 - messenger_server - INFO - 📤 Уведомление отправлено: suk
2026-03-28 21:57:43 - messenger_server - INFO - 📤 Уведомление отправлено: suk
2026-03-28 21:57:44 - messenger_server - INFO - 📋 История отправлена: 13 элементов для dik
2026-03-28 21:57:45 - messenger_server - INFO - 📋 История отправлена: 13 элементов для suk
2026-03-28 21:57:47 - messenger_server - INFO - 📋 История отправлена: 13 элементов для dik
2026-03-28 21:57:48 - messenger_server - INFO - 📋 История отправлена: 13 элементов для suk
2026-03-28 21:57:49 - messenger_server - INFO - 👋 Пользователь dik вышел из системы
2026-03-28 21:57:51 - messenger_server - INFO - 📋 История отправлена: 13 элементов для suk
2026-03-28 21:57:51 - messenger_server - INFO - 👋 Пользователь suk вышел из системы
2026-03-28 21:59:52 - messenger_server - INFO - ✅ Пользователь dik успешно вошёл в систему
2026-03-28 21:59:54 - messenger_server - INFO - 📋 История отправлена: 13 элементов для dik
2026-03-28 21:59:56 - messenger_server - INFO - 📋 История отправлена: 13 элементов для dik
2026-03-28 21:59:57 - messenger_server - INFO - 📋 История отправлена: 13 элементов для dik
2026-03-28 21:59:59 - messenger_server - INFO - 📋 История отправлена: 13 элементов для dik
2026-03-28 22:00:02 - messenger_server - INFO - 📋 История отправлена: 14 элементов для dik
2026-03-28 22:00:05 - messenger_server - INFO - 📋 История отправлена: 15 элементов для dik
2026-03-28 22:00:08 - messenger_server - INFO - 📋 История отправлена: 15 элементов для dik
2026-03-28 22:00:11 - messenger_server - INFO - 📋 История отправлена: 15 элементов для dik
2026-03-28 22:00:14 - messenger_server - INFO - 📋 История отправлена: 15 элементов для dik
2026-03-28 22:00:17 - messenger_server - ERROR - ❌ Ошибка отправлена клиенту: Неверное имя или пароль
2026-03-28 22:00:17 - messenger_server - INFO - 📋 История отправлена: 15 элементов для dik
2026-03-28 22:00:20 - messenger_server - INFO - 📋 История отправлена: 15 элементов для dik
2026-03-28 22:00:20 - messenger_server - INFO - ✅ Пользователь suk успешно вошёл в систему
2026-03-28 22:00:22 - messenger_server - INFO - 📋 История отправлена: 15 элементов для suk
2026-03-28 22:00:23 - messenger_server - INFO - 📋 История отправлена: 15 элементов для dik
2026-03-28 22:00:24 - messenger_server - INFO - 📋 История отправлена: 15 элементов для suk
2026-03-28 22:00:26 - messenger_server - INFO - 📋 История отправлена: 15 элементов для dik
2026-03-28 22:00:27 - messenger_server - INFO - 📋 История отправлена: 15 элементов для suk
2026-03-28 22:00:27 - messenger_server - INFO - 📤 Уведомление отправлено: suk
2026-03-28 22:00:29 - messenger_server - INFO - 📋 История отправлена: 16 элементов для dik
2026-03-28 22:00:30 - messenger_server - INFO - 📋 История отправлена: 16 элементов для suk
2026-03-28 22:00:31 - messenger_server - INFO - 📤 Уведомление отправлено: suk
2026-03-28 22:00:31 - messenger_server - INFO - 📤 Уведомление отправлено: suk
2026-03-28 22:00:32 - messenger_server - INFO - 📤 Уведомление отправлено: suk
2026-03-28 22:00:32 - messenger_server - INFO - 📋 История отправлена: 19 элементов для dik
2026-03-28 22:00:33 - messenger_server - INFO - 📋 История отправлена: 19 элементов для suk
2026-03-28 22:00:35 - messenger_server - INFO - 📋 История отправлена: 19 элементов для dik
2026-03-28 22:00:36 - messenger_server - INFO - 📋 История отправлена: 19 элементов для suk
2026-03-28 22:00:38 - messenger_server - INFO - 📋 История отправлена: 19 элементов для dik
2026-03-28 22:00:39 - messenger_server - INFO - 📋 История отправлена: 19 элементов для suk
2026-03-28 22:00:41 - messenger_server - INFO - 📋 История отправлена: 19 элементов для dik
2026-03-28 22:00:42 - messenger_server - INFO - 📋 История отправлена: 19 элементов для suk
2026-03-28 22:00:44 - messenger_server - INFO - 📋 История отправлена: 19 элементов для dik
2026-03-28 22:00:45 - messenger_server - INFO - 📋 История отправлена: 19 элементов для suk
2026-03-28 22:00:47 - messenger_server - INFO - 📋 История отправлена: 19 элементов для dik
2026-03-28 22:00:48 - messenger_server - INFO - 📋 История отправлена: 19 элементов для suk
2026-03-28 22:00:50 - messenger_server - INFO - 📋 История отправлена: 19 элементов для dik
2026-03-28 22:00:51 - messenger_server - INFO - 📋 История отправлена: 19 элементов для suk
2026-03-28 22:00:53 - messenger_server - INFO - 📋 История отправлена: 19 элементов для dik
2026-03-28 22:00:54 - messenger_server - INFO - 📋 История отправлена: 19 элементов для suk
2026-03-28 22:00:56 - messenger_server - INFO - 📋 История отправлена: 19 элементов для dik
2026-03-28 22:00:57 - messenger_server - INFO - 🔌 Клиент отключился: sent 1011 (internal error) keepalive ping timeout; no close frame received
2026-03-28 22:00:58 - messenger_server - INFO - 📋 История отправлена: 19 элементов для suk
2026-03-28 22:00:59 - messenger_server - INFO - 📋 История отправлена: 19 элементов для dik
2026-03-28 22:01:01 - messenger_server - INFO - 📋 История отправлена: 19 элементов для suk
2026-03-28 22:01:02 - messenger_server - INFO - 📋 История отправлена: 19 элементов для dik
2026-03-28 22:01:04 - messenger_server - INFO - 📋 История отправлена: 19 элементов для suk
2026-03-28 22:01:05 - messenger_server - INFO - 📋 История отправлена: 19 элементов для dik
2026-03-28 22:01:07 - messenger_server - INFO - 📋 История отправлена: 19 элементов для suk
2026-03-28 22:01:07 - messenger_server - INFO - 🔌 Клиент отключился: no close frame received or sent
2026-03-28 22:01:07 - messenger_server - INFO - 👋 Пользователь suk вышел из системы
2026-03-28 22:01:08 - messenger_server - INFO - 📋 История отправлена: 19 элементов для dik
2026-03-28 22:01:11 - messenger_server - INFO - 🔌 Клиент отключился: no close frame received or sent
2026-03-28 22:01:11 - messenger_server - INFO - 👋 Пользователь dik вышел из системы
2026-03-28 22:02:48 - messenger_server - ERROR - ❌ Ошибка отправлена клиенту: Неверное имя или пароль
2026-03-28 22:02:58 - messenger_server - INFO - ✅ Пользователь dik успешно вошёл в систему
2026-03-28 22:02:59 - messenger_server - INFO - 📋 История отправлена: 19 элементов для dik
2026-03-28 22:03:02 - messenger_server - INFO - 📋 История отправлена: 19 элементов для dik
2026-03-28 22:03:05 - messenger_server - INFO - 📋 История отправлена: 20 элементов для dik
2026-03-28 22:03:08 - messenger_server - INFO - 📋 История отправлена: 20 элементов для dik
2026-03-28 22:03:11 - messenger_server - INFO - 📋 История отправлена: 20 элементов для dik
2026-03-28 22:03:14 - messenger_server - INFO - 📋 История отправлена: 20 элементов для dik
2026-03-28 22:03:17 - messenger_server - INFO - 📋 История отправлена: 20 элементов для dik
2026-03-28 22:03:20 - messenger_server - INFO - 📋 История отправлена: 20 элементов для dik
2026-03-28 22:03:23 - messenger_server - INFO - 📋 История отправлена: 20 элементов для dik
2026-03-28 22:03:26 - messenger_server - INFO - 📋 История отправлена: 20 элементов для dik
2026-03-28 22:03:28 - messenger_server - INFO - 🔌 Клиент отключился: sent 1011 (internal error) keepalive ping timeout; no close frame received
2026-03-28 22:03:29 - messenger_server - INFO - 📋 История отправлена: 20 элементов для dik
2026-03-28 22:03:32 - messenger_server - INFO - 📋 История отправлена: 20 элементов для dik
2026-03-28 22:03:35 - messenger_server - INFO - 📋 История отправлена: 20 элементов для dik
2026-03-28 22:03:38 - messenger_server - INFO - 📋 История отправлена: 20 элементов для dik
2026-03-28 22:03:41 - messenger_server - INFO - 📋 История отправлена: 20 элементов для dik
2026-03-28 22:03:44 - messenger_server - INFO - 📋 История отправлена: 20 элементов для dik
2026-03-28 22:03:47 - messenger_server - INFO - 📋 История отправлена: 20 элементов для dik
2026-03-28 22:03:50 - messenger_server - INFO - 📋 История отправлена: 20 элементов для dik
2026-03-28 22:03:53 - messenger_server - INFO - 📋 История отправлена: 20 элементов для dik
2026-03-28 22:03:56 - messenger_server - INFO - 📋 История отправлена: 20 элементов для dik
2026-03-28 22:03:59 - messenger_server - INFO - 📋 История отправлена: 20 элементов для dik
2026-03-28 22:04:02 - messenger_server - INFO - 🔌 Клиент отключился: no close frame received or sent
2026-03-28 22:04:02 - messenger_server - INFO - 👋 Пользователь dik вышел из системы
2026-03-28 22:04:03 - messenger_server - INFO - 🛑 Сервер остановлен пользователем
2026-03-28 22:06:51 - messenger_server - INFO - ✅ aiofiles доступен — асинхронная работа с файлами
2026-03-28 22:06:51 - messenger_server - INFO - ✅ Сервер инициализирован
2026-03-28 22:06:51 - messenger_server - INFO - 🚀 Сервер запущен на ws://localhost:8765
2026-03-28 22:07:01 - messenger_server - INFO - ✅ Пользователь dik успешно вошёл в систему
2026-03-28 22:07:06 - messenger_server - INFO - 📋 История отправлена: 20 элементов для dik
2026-03-28 22:07:08 - messenger_server - INFO - 📋 История отправлена: 21 элементов для dik
2026-03-28 22:07:11 - messenger_server - INFO - 📋 История отправлена: 22 элементов для dik
2026-03-28 22:07:14 - messenger_server - INFO - 📋 История отправлена: 23 элементов для dik
2026-03-28 22:07:17 - messenger_server - INFO - 📋 История отправлена: 24 элементов для dik
2026-03-28 22:07:20 - messenger_server - INFO - 📋 История отправлена: 24 элементов для dik
2026-03-28 22:07:23 - messenger_server - INFO - 📋 История отправлена: 24 элементов для dik
2026-03-28 22:07:26 - messenger_server - INFO - 👋 Пользователь dik вышел из системы
2026-03-28 22:07:58 - messenger_server - INFO - ✅ Пользователь dik успешно вошёл в систему
2026-03-28 22:08:00 - messenger_server - INFO - 📋 История отправлена: 24 элементов для dik
2026-03-28 22:08:02 - messenger_server - INFO - 📋 История отправлена: 24 элементов для dik
2026-03-28 22:08:05 - messenger_server - INFO - 📋 История отправлена: 25 элементов для dik
2026-03-28 22:08:08 - messenger_server - INFO - 📋 История отправлена: 25 элементов для dik
2026-03-28 22:08:11 - messenger_server - INFO - 📋 История отправлена: 25 элементов для dik
2026-03-28 22:08:14 - messenger_server - INFO - 📋 История отправлена: 25 элементов для dik
2026-03-28 22:08:17 - messenger_server - INFO - 📋 История отправлена: 25 элементов для dik
2026-03-28 22:08:20 - messenger_server - INFO - 📋 История отправлена: 25 элементов для dik
2026-03-28 22:08:22 - messenger_server - INFO - 👋 Пользователь dik вышел из системы
2026-03-29 06:41:41 - messenger_server - INFO - ✅ Пользователь dik успешно вошёл в систему
2026-03-29 06:41:43 - messenger_server - INFO - 📋 История отправлена: 25 элементов для dik
2026-03-29 06:41:45 - messenger_server - INFO - 📋 История отправлена: 25 элементов для dik
2026-03-29 06:41:48 - messenger_server - INFO - 📋 История отправлена: 25 элементов для dik
2026-03-29 06:41:51 - messenger_server - INFO - 📋 История отправлена: 25 элементов для dik
2026-03-29 06:41:54 - messenger_server - INFO - 📋 История отправлена: 25 элементов для dik
2026-03-29 06:41:57 - messenger_server - INFO - 📋 История отправлена: 25 элементов для dik
2026-03-29 06:42:00 - messenger_server - INFO - 📋 История отправлена: 25 элементов для dik
2026-03-29 06:42:02 - messenger_server - INFO - 👋 Пользователь dik вышел из системы
2026-03-29 06:51:59 - messenger_server - ERROR - ❌ Ошибка отправлена клиенту: Неверное имя или пароль
2026-03-29 06:52:01 - messenger_server - INFO - ✅ Пользователь dik успешно вошёл в систему
2026-03-29 06:52:03 - messenger_server - INFO - 📋 История отправлена: 25 элементов для dik
2026-03-29 06:52:05 - messenger_server - INFO - 📋 История отправлена: 26 элементов для dik
2026-03-29 06:52:08 - messenger_server - INFO - 📋 История отправлена: 27 элементов для dik
2026-03-29 06:52:11 - messenger_server - INFO - 📋 История отправлена: 27 элементов для dik
2026-03-29 06:52:11 - messenger_server - INFO - 👋 Пользователь dik вышел из системы
2026-03-29 06:52:11 - messenger_server - INFO - 🔌 Клиент отключился: no close frame received or sent
2026-03-29 07:12:03 - messenger_server - INFO - 🛑 Сервер остановлен пользователем
2026-03-29 07:12:04 - messenger_server - INFO - ✅ aiofiles доступен — асинхронная работа с файлами
2026-03-29 07:12:04 - messenger_server - INFO - ✅ Сервер инициализирован
2026-03-29 07:12:04 - messenger_server - INFO - 🚀 Сервер запущен на ws://localhost:8765
2026-03-29 07:12:33 - messenger_server - INFO - ✅ Пользователь dik успешно вошёл в систему
2026-03-29 07:12:35 - messenger_server - INFO - 📋 История отправлена: 27 элементов для dik
2026-03-29 07:12:37 - messenger_server - INFO - 📋 История отправлена: 27 элементов для dik
2026-03-29 07:12:40 - messenger_server - INFO - 📋 История отправлена: 28 элементов для dik
2026-03-29 07:12:43 - messenger_server - INFO - 📋 История отправлена: 29 элементов для dik
2026-03-29 07:12:46 - messenger_server - INFO - 📋 История отправлена: 30 элементов для dik
2026-03-29 07:12:49 - messenger_server - INFO - 📋 История отправлена: 31 элементов для dik
2026-03-29 07:12:52 - messenger_server - INFO - 📋 История отправлена: 32 элементов для dik
2026-03-29 07:12:55 - messenger_server - INFO - 📋 История отправлена: 33 элементов для dik
2026-03-29 07:12:58 - messenger_server - INFO - 📋 История отправлена: 33 элементов для dik
2026-03-29 07:12:58 - messenger_server - INFO - 👋 Пользователь dik вышел из системы
2026-03-29 07:14:03 - messenger_server - INFO - ✅ Пользователь dik успешно вошёл в систему
2026-03-29 07:14:05 - messenger_server - INFO - 📋 История отправлена: 33 элементов для dik
2026-03-29 07:14:07 - messenger_server - INFO - 📋 История отправлена: 33 элементов для dik
2026-03-29 07:14:10 - messenger_server - INFO - 📋 История отправлена: 33 элементов для dik
2026-03-29 07:14:12 - messenger_server - INFO - 👋 Пользователь dik вышел из системы
2026-03-29 07:24:59 - messenger_server - INFO - ✅ Пользователь dik успешно вошёл в систему
2026-03-29 07:25:00 - messenger_server - INFO - 📋 История отправлена: 33 элементов для dik
2026-03-29 07:25:03 - messenger_server - INFO - 📋 История отправлена: 33 элементов для dik
2026-03-29 07:25:06 - messenger_server - INFO - 📋 История отправлена: 34 элементов для dik
2026-03-29 07:25:09 - messenger_server - INFO - 📋 История отправлена: 34 элементов для dik
2026-03-29 07:25:12 - messenger_server - INFO - 📋 История отправлена: 34 элементов для dik
2026-03-29 07:25:13 - messenger_server - INFO - 👋 Пользователь dik вышел из системы
2026-03-29 07:36:08 - messenger_server - INFO - ✅ Пользователь dik успешно вошёл в систему
2026-03-29 07:36:09 - messenger_server - INFO - 📋 История отправлена: 34 элементов для dik
2026-03-29 07:36:12 - messenger_server - INFO - 📋 История отправлена: 35 элементов для dik
2026-03-29 07:36:15 - messenger_server - INFO - 📋 История отправлена: 36 элементов для dik
2026-03-29 07:36:18 - messenger_server - INFO - 📋 История отправлена: 37 элементов для dik
2026-03-29 07:36:18 - messenger_server - INFO - 👋 Пользователь dik вышел из системы
2026-03-29 07:43:09 - messenger_server - INFO - 🛑 Сервер остановлен пользователем
2026-03-29 07:43:23 - messenger_server - INFO - ✅ aiofiles доступен — асинхронная работа с файлами
2026-03-29 07:43:23 - messenger_server - INFO - ✅ Сервер инициализирован
2026-03-29 07:43:23 - messenger_server - INFO - 🚀 Сервер запущен на ws://localhost:8765
2026-03-29 07:43:32 - messenger_server - INFO - ✅ Пользователь dik успешно вошёл в систему
2026-03-29 07:43:34 - messenger_server - INFO - 📋 История отправлена: 37 элементов для dik
2026-03-29 07:43:36 - messenger_server - INFO - 📋 История отправлена: 38 элементов для dik
2026-03-29 07:43:39 - messenger_server - INFO - 📋 История отправлена: 39 элементов для dik
2026-03-29 07:43:41 - messenger_server - INFO - 👋 Пользователь dik вышел из системы
2026-03-29 07:48:15 - messenger_server - INFO - 🛑 Сервер остановлен пользователем
2026-03-29 07:48:16 - messenger_server - INFO - ✅ aiofiles доступен — асинхронная работа с файлами
2026-03-29 07:48:16 - messenger_server - INFO - ✅ Сервер инициализирован
2026-03-29 07:48:16 - messenger_server - INFO - 🚀 Сервер запущен на ws://localhost:8765
2026-03-29 07:48:31 - messenger_server - INFO - ✅ Пользователь dik успешно вошёл в систему
2026-03-29 07:48:32 - messenger_server - INFO - 📋 История отправлена: 39 элементов для dik
2026-03-29 07:48:35 - messenger_server - INFO - 📋 История отправлена: 40 элементов для dik
2026-03-29 07:48:38 - messenger_server - INFO - 📋 История отправлена: 41 элементов для dik
2026-03-29 07:48:41 - messenger_server - INFO - 📋 История отправлена: 41 элементов для dik
2026-03-29 07:48:44 - messenger_server - INFO - 📋 История отправлена: 41 элементов для dik
2026-03-29 07:48:47 - messenger_server - INFO - 📋 История отправлена: 41 элементов для dik
2026-03-29 07:48:50 - messenger_server - INFO - 📋 История отправлена: 41 элементов для dik
2026-03-29 07:48:53 - messenger_server - INFO - 📋 История отправлена: 41 элементов для dik
2026-03-29 07:48:56 - messenger_server - INFO - 📋 История отправлена: 41 элементов для dik
2026-03-29 07:48:59 - messenger_server - INFO - 📋 История отправлена: 41 элементов для dik
2026-03-29 07:49:02 - messenger_server - INFO - 📋 История отправлена: 41 элементов для dik
2026-03-29 07:49:05 - messenger_server - INFO - 📋 История отправлена: 41 элементов для dik
2026-03-29 07:49:08 - messenger_server - INFO - 📋 История отправлена: 41 элементов для dik
2026-03-29 07:49:11 - messenger_server - INFO - 📋 История отправлена: 41 элементов для dik
2026-03-29 07:49:14 - messenger_server - INFO - 📋 История отправлена: 41 элементов для dik
2026-03-29 07:49:17 - messenger_server - INFO - 📋 История отправлена: 41 элементов для dik
2026-03-29 07:49:20 - messenger_server - INFO - 📋 История отправлена: 41 элементов для dik
2026-03-29 07:49:23 - messenger_server - INFO - 📋 История отправлена: 41 элементов для dik
2026-03-29 07:49:26 - messenger_server - INFO - 📋 История отправлена: 41 элементов для dik
2026-03-29 07:49:29 - messenger_server - INFO - 📋 История отправлена: 41 элементов для dik
2026-03-29 07:49:32 - messenger_server - INFO - 📋 История отправлена: 41 элементов для dik
2026-03-29 07:49:35 - messenger_server - INFO - 📋 История отправлена: 41 элементов для dik
2026-03-29 07:49:38 - messenger_server - INFO - 📋 История отправлена: 41 элементов для dik
2026-03-29 07:49:41 - messenger_server - INFO - 📋 История отправлена: 41 элементов для dik
2026-03-29 07:49:44 - messenger_server - INFO - 📋 История отправлена: 41 элементов для dik
2026-03-29 07:49:47 - messenger_server - INFO - 📋 История отправлена: 41 элементов для dik
2026-03-29 07:49:50 - messenger_server - INFO - 📋 История отправлена: 41 элементов для dik
2026-03-29 07:49:53 - messenger_server - INFO - 📋 История отправлена: 41 элементов для dik
2026-03-29 07:49:56 - messenger_server - INFO - 📋 История отправлена: 41 элементов для dik
2026-03-29 07:49:59 - messenger_server - INFO - 📋 История отправлена: 41 элементов для dik
2026-03-29 07:50:02 - messenger_server - INFO - 📋 История отправлена: 41 элементов для dik
2026-03-29 07:50:05 - messenger_server - INFO - 📋 История отправлена: 41 элементов для dik
2026-03-29 07:50:08 - messenger_server - INFO - 📋 История отправлена: 41 элементов для dik
2026-03-29 07:50:11 - messenger_server - INFO - 📋 История отправлена: 41 элементов для dik
2026-03-29 07:50:14 - messenger_server - INFO - 📋 История отправлена: 41 элементов для dik
2026-03-29 07:50:17 - messenger_server - INFO - 📋 История отправлена: 41 элементов для dik
2026-03-29 07:50:20 - messenger_server - INFO - 📋 История отправлена: 41 элементов для dik
2026-03-29 07:50:23 - messenger_server - INFO - 📋 История отправлена: 41 элементов для dik
2026-03-29 07:50:26 - messenger_server - INFO - 📋 История отправлена: 41 элементов для dik
2026-03-29 07:50:29 - messenger_server - INFO - 📋 История отправлена: 41 элементов для dik
2026-03-29 07:50:32 - messenger_server - INFO - 📋 История отправлена: 41 элементов для dik
2026-03-29 07:50:35 - messenger_server - INFO - 📋 История отправлена: 41 элементов для dik
2026-03-29 07:50:38 - messenger_server - INFO - 📋 История отправлена: 41 элементов для dik
2026-03-29 07:50:41 - messenger_server - INFO - 📋 История отправлена: 41 элементов для dik
2026-03-29 07:50:44 - messenger_server - INFO - 📋 История отправлена: 41 элементов для dik
2026-03-29 07:50:47 - messenger_server - INFO - 📋 История отправлена: 41 элементов для dik
2026-03-29 07:50:50 - messenger_server - INFO - 📋 История отправлена: 41 элементов для dik
2026-03-29 07:50:53 - messenger_server - INFO - 📋 История отправлена: 41 элементов для dik
2026-03-29 07:50:56 - messenger_server - INFO - 📋 История отправлена: 41 элементов для dik
2026-03-29 07:50:59 - messenger_server - INFO - 📋 История отправлена: 41 элементов для dik
2026-03-29 07:51:02 - messenger_server - INFO - 📋 История отправлена: 41 элементов для dik
2026-03-29 07:51:06 - messenger_server - INFO - 📋 История отправлена: 41 элементов для dik
2026-03-29 07:51:09 - messenger_server - INFO - 📋 История отправлена: 41 элементов для dik
2026-03-29 07:51:12 - messenger_server - INFO - 📋 История отправлена: 41 элементов для dik
2026-03-29 07:51:15 - messenger_server - INFO - 📋 История отправлена: 41 элементов для dik
2026-03-29 07:51:18 - messenger_server - INFO - 📋 История отправлена: 41 элементов для dik
2026-03-29 07:51:21 - messenger_server - INFO - 📋 История отправлена: 41 элементов для dik
2026-03-29 07:51:24 - messenger_server - INFO - 📋 История отправлена: 41 элементов для dik
2026-03-29 07:51:27 - messenger_server - INFO - 📋 История отправлена: 41 элементов для dik
2026-03-29 07:51:30 - messenger_server - INFO - 📋 История отправлена: 41 элементов для dik
2026-03-29 07:51:33 - messenger_server - INFO - 📋 История отправлена: 41 элементов для dik
2026-03-29 07:51:36 - messenger_server - INFO - 📋 История отправлена: 41 элементов для dik
2026-03-29 07:51:39 - messenger_server - INFO - 📋 История отправлена: 41 элементов для dik
2026-03-29 07:51:42 - messenger_server - INFO - 📋 История отправлена: 41 элементов для dik
2026-03-29 07:51:45 - messenger_server - INFO - 📋 История отправлена: 41 элементов для dik
2026-03-29 07:51:48 - messenger_server - INFO - 📋 История отправлена: 41 элементов для dik
2026-03-29 07:51:51 - messenger_server - INFO - 📋 История отправлена: 41 элементов для dik
2026-03-29 07:51:54 - messenger_server - INFO - 📋 История отправлена: 41 элементов для dik
2026-03-29 07:51:57 - messenger_server - INFO - 📋 История отправлена: 41 элементов для dik
2026-03-29 07:52:00 - messenger_server - INFO - 📋 История отправлена: 41 элементов для dik
2026-03-29 07:52:03 - messenger_server - INFO - 📋 История отправлена: 41 элементов для dik
2026-03-29 07:52:06 - messenger_server - INFO - 📋 История отправлена: 41 элементов для dik
2026-03-29 07:52:09 - messenger_server - INFO - 📋 История отправлена: 41 элементов для dik
2026-03-29 07:52:12 - messenger_server - INFO - 📋 История отправлена: 41 элементов для dik
2026-03-29 07:52:15 - messenger_server - INFO - 📋 История отправлена: 41 элементов для dik
2026-03-29 07:52:18 - messenger_server - INFO - 📋 История отправлена: 41 элементов для dik
2026-03-29 07:52:21 - messenger_server - INFO - 📋 История отправлена: 41 элементов для dik
2026-03-29 07:52:24 - messenger_server - INFO - 📋 История отправлена: 41 элементов для dik
2026-03-29 07:52:27 - messenger_server - INFO - 📋 История отправлена: 41 элементов для dik
2026-03-29 07:52:30 - messenger_server - INFO - 📋 История отправлена: 41 элементов для dik
2026-03-29 07:52:33 - messenger_server - INFO - 📋 История отправлена: 41 элементов для dik
2026-03-29 07:52:36 - messenger_server - INFO - 📋 История отправлена: 41 элементов для dik
2026-03-29 07:52:39 - messenger_server - INFO - 📋 История отправлена: 41 элементов для dik
2026-03-29 07:52:42 - messenger_server - INFO - 📋 История отправлена: 41 элементов для dik
2026-03-29 07:52:45 - messenger_server - INFO - 📋 История отправлена: 41 элементов для dik
2026-03-29 07:52:48 - messenger_server - INFO - 📋 История отправлена: 41 элементов для dik
2026-03-29 07:52:51 - messenger_server - INFO - 📋 История отправлена: 41 элементов для dik
2026-03-29 07:52:54 - messenger_server - INFO - 📋 История отправлена: 41 элементов для dik
2026-03-29 07:52:57 - messenger_server - INFO - 📋 История отправлена: 41 элементов для dik
2026-03-29 07:53:00 - messenger_server - INFO - 📋 История отправлена: 41 элементов для dik
2026-03-29 07:53:03 - messenger_server - INFO - 📋 История отправлена: 41 элементов для dik
2026-03-29 07:53:06 - messenger_server - INFO - 📋 История отправлена: 41 элементов для dik
2026-03-29 07:53:09 - messenger_server - INFO - 📋 История отправлена: 41 элементов для dik
2026-03-29 07:53:12 - messenger_server - INFO - 📋 История отправлена: 41 элементов для dik
2026-03-29 07:53:15 - messenger_server - INFO - 📋 История отправлена: 41 элементов для dik
2026-03-29 07:53:18 - messenger_server - INFO - 📋 История отправлена: 41 элементов для dik
2026-03-29 07:53:21 - messenger_server - INFO - 📋 История отправлена: 41 элементов для dik
2026-03-29 07:53:24 - messenger_server - INFO - 📋 История отправлена: 41 элементов для dik
2026-03-29 07:53:25 - messenger_server - INFO - 👋 Пользователь dik вышел из системы
2026-03-29 07:56:36 - messenger_server - INFO - 🛑 Сервер остановлен пользователем
