2026-03-28 18:39:13,481 - asyncio - DEBUG - Using proactor: IocpProactor
2026-03-28 18:39:13,521 - client.crypto - DEBUG - ✅ Ключи сгенерированы успешно
2026-03-28 18:39:13,522 - client.messenger_client - INFO - ✅ MessengerClient инициализирован
2026-03-28 18:39:13,522 - client.messenger_client - INFO - 🔌 Подключение к ws://localhost:8765...
2026-03-28 18:39:13,550 - websockets.client - DEBUG - = connection is CONNECTING
2026-03-28 18:39:13,550 - websockets.client - DEBUG - > GET / HTTP/1.1
2026-03-28 18:39:13,550 - websockets.client - DEBUG - > Host: localhost:8765
2026-03-28 18:39:13,551 - websockets.client - DEBUG - > Upgrade: websocket
2026-03-28 18:39:13,551 - websockets.client - DEBUG - > Connection: Upgrade
2026-03-28 18:39:13,551 - websockets.client - DEBUG - > Sec-WebSocket-Key: DTiQeuXePXjO7WrzkBGLww==
2026-03-28 18:39:13,551 - websockets.client - DEBUG - > Sec-WebSocket-Version: 13
2026-03-28 18:39:13,551 - websockets.client - DEBUG - > Sec-WebSocket-Extensions: permessage-deflate; client_max_window_bits
2026-03-28 18:39:13,551 - websockets.client - DEBUG - > User-Agent: Python/3.14 websockets/16.0
2026-03-28 18:39:13,552 - websockets.client - DEBUG - < HTTP/1.1 101 Switching Protocols
2026-03-28 18:39:13,552 - websockets.client - DEBUG - < Date: Sat, 28 Mar 2026 11:39:13 GMT
2026-03-28 18:39:13,552 - websockets.client - DEBUG - < Upgrade: websocket
2026-03-28 18:39:13,552 - websockets.client - DEBUG - < Connection: Upgrade
2026-03-28 18:39:13,552 - websockets.client - DEBUG - < Sec-WebSocket-Accept: zQyJ6YXBZ4zf/+qMHSqRfJ12L44=
2026-03-28 18:39:13,552 - websockets.client - DEBUG - < Sec-WebSocket-Extensions: permessage-deflate; server_max_window_bits=12; client_max_window_bits=12
2026-03-28 18:39:13,552 - websockets.client - DEBUG - < Server: Python/3.14 websockets/16.0
2026-03-28 18:39:13,552 - websockets.client - DEBUG - = connection is OPEN
2026-03-28 18:39:13,552 - client.messenger_client - INFO - ✅ Подключено к ws://localhost:8765
2026-03-28 18:39:13,553 - client.messenger_client - DEBUG - 📤 Запрос #9821b0c9-7578-4671-9d7d-0dc2a4686e1b: login | {'type': 'login', 'username': 'dik', 'password': '***REDACTED***'}
2026-03-28 18:39:13,553 - websockets.client - DEBUG - > TEXT '{"type": "login", "username": "dik", "password"...671-9d7d-0dc2a4686e1b"}' [116 bytes]
2026-03-28 18:39:13,583 - websockets.client - DEBUG - < TEXT '{"type": "error", "message": "\\u041d\\u0435\\u...671-9d7d-0dc2a4686e1b"}' [209 bytes]
2026-03-28 18:39:13,583 - client.messenger_client - DEBUG - 📥 Получен тип сообщения: error
2026-03-28 18:39:13,583 - client.messenger_client - WARNING - ❌ Вход не удался: Неверное имя или пароль
2026-03-28 18:39:13,583 - client.messenger_client - INFO - 🔄 receive_loop отменён
2026-03-28 18:39:13,583 - websockets.client - DEBUG - > CLOSE 1000 (OK) [2 bytes]
2026-03-28 18:39:13,583 - websockets.client - DEBUG - = connection is CLOSING
2026-03-28 18:39:13,584 - websockets.client - DEBUG - < CLOSE 1000 (OK) [2 bytes]
2026-03-28 18:39:13,584 - websockets.client - DEBUG - < EOF
2026-03-28 18:39:13,584 - websockets.client - DEBUG - > EOF
2026-03-28 18:39:13,584 - websockets.client - DEBUG - = connection is CLOSED
2026-03-28 18:39:13,584 - websockets.client - DEBUG - x half-closing TCP connection
2026-03-28 18:39:13,584 - client.messenger_client - INFO - 🔌 Отключено
2026-03-28 20:20:11,489 - asyncio - DEBUG - Using proactor: IocpProactor
2026-03-28 20:20:11,546 - client.crypto - DEBUG - ✅ Ключи сгенерированы успешно
2026-03-28 20:20:11,546 - client.messenger_client - INFO - ✅ MessengerClient инициализирован
2026-03-28 20:20:11,887 - client.crypto - DEBUG - ✅ Ключи сгенерированы успешно
2026-03-28 20:20:11,888 - client.messenger_client - INFO - ✅ MessengerClient инициализирован
2026-03-28 20:20:11,924 - client.crypto - DEBUG - ✅ Ключи сгенерированы успешно
2026-03-28 20:20:11,925 - client.messenger_client - INFO - ✅ MessengerClient инициализирован
2026-03-28 21:16:34,251 - asyncio - DEBUG - Using proactor: IocpProactor
2026-03-28 21:16:34,280 - client.crypto - DEBUG - ✅ Ключи сгенерированы успешно
2026-03-28 21:16:34,280 - client.messenger_client - INFO - ✅ MessengerClient инициализирован
2026-03-28 21:16:34,280 - client.messenger_client - INFO - 🔌 Подключение к ws://localhost:8765...
2026-03-28 21:16:34,310 - websockets.client - DEBUG - = connection is CONNECTING
2026-03-28 21:16:34,310 - websockets.client - DEBUG - > GET / HTTP/1.1
2026-03-28 21:16:34,310 - websockets.client - DEBUG - > Host: localhost:8765
2026-03-28 21:16:34,310 - websockets.client - DEBUG - > Upgrade: websocket
2026-03-28 21:16:34,310 - websockets.client - DEBUG - > Connection: Upgrade
2026-03-28 21:16:34,310 - websockets.client - DEBUG - > Sec-WebSocket-Key: yE98Y3lTjBQQG0alZTZT6w==
2026-03-28 21:16:34,310 - websockets.client - DEBUG - > Sec-WebSocket-Version: 13
2026-03-28 21:16:34,310 - websockets.client - DEBUG - > Sec-WebSocket-Extensions: permessage-deflate; client_max_window_bits
2026-03-28 21:16:34,311 - websockets.client - DEBUG - > User-Agent: Python/3.14 websockets/16.0
2026-03-28 21:16:34,311 - websockets.client - DEBUG - < HTTP/1.1 101 Switching Protocols
2026-03-28 21:16:34,312 - websockets.client - DEBUG - < Date: Sat, 28 Mar 2026 14:16:34 GMT
2026-03-28 21:16:34,312 - websockets.client - DEBUG - < Upgrade: websocket
2026-03-28 21:16:34,312 - websockets.client - DEBUG - < Connection: Upgrade
2026-03-28 21:16:34,312 - websockets.client - DEBUG - < Sec-WebSocket-Accept: PNjWXQnmppJEW1M42Wzsb7f1+Y0=
2026-03-28 21:16:34,312 - websockets.client - DEBUG - < Sec-WebSocket-Extensions: permessage-deflate; server_max_window_bits=12; client_max_window_bits=12
2026-03-28 21:16:34,312 - websockets.client - DEBUG - < Server: Python/3.14 websockets/16.0
2026-03-28 21:16:34,312 - websockets.client - DEBUG - = connection is OPEN
2026-03-28 21:16:34,313 - client.messenger_client - INFO - ✅ Подключено к ws://localhost:8765
2026-03-28 21:16:34,313 - client.messenger_client - DEBUG - 🔍 _send_and_wait: connected=True, websocket=True
2026-03-28 21:16:34,313 - client.messenger_client - DEBUG - 📤 Запрос #e0dc99f2-cf8d-47bf-b935-084b8406872b: login | {'type': 'login', 'username': 'dik', 'password': '***REDACTED***'}
2026-03-28 21:16:34,313 - client.messenger_client - DEBUG - 📡 Отправка WebSocket: 114 байт
2026-03-28 21:16:34,313 - websockets.client - DEBUG - > TEXT '{"type": "login", "username": "dik", "password"...7bf-b935-084b8406872b"}' [114 bytes]
2026-03-28 21:16:34,313 - client.messenger_client - DEBUG - ⏳ Ожидание ответа (timeout=10s)...
2026-03-28 21:16:34,350 - websockets.client - DEBUG - < TEXT '{"type": "login_response", "success": true, "us...7bf-b935-084b8406872b"}' [608 bytes]
2026-03-28 21:16:34,350 - client.messenger_client - DEBUG - 📥 Получен тип сообщения: login_response
2026-03-28 21:16:34,351 - client.messenger_client - DEBUG - ✅ Ответ на запрос #e0dc99f2...
2026-03-28 21:16:34,351 - client.messenger_client - DEBUG - ✅ Ответ получен: login_response
2026-03-28 21:16:34,351 - client.messenger_client - INFO - ✅ Вход выполнен: dik
2026-03-28 21:16:34,351 - client.messenger_client - DEBUG - 🔍 _send_and_wait: connected=True, websocket=True
2026-03-28 21:16:34,351 - client.messenger_client - DEBUG - 📤 Запрос #67a1715f-4c02-470a-a7ce-433fe60c79d9: get_public_key | {'type': 'get_public_key', 'username': 'suk'}
2026-03-28 21:16:34,351 - client.messenger_client - DEBUG - 📡 Отправка WebSocket: 99 байт
2026-03-28 21:16:34,351 - websockets.client - DEBUG - > TEXT '{"type": "get_public_key", "username": "suk", "...70a-a7ce-433fe60c79d9"}' [99 bytes]
2026-03-28 21:16:34,351 - client.messenger_client - DEBUG - ⏳ Ожидание ответа (timeout=5s)...
2026-03-28 21:16:34,352 - websockets.client - DEBUG - < TEXT '{"type": "public_key", "public_key": "-----BEGI...70a-a7ce-433fe60c79d9"}' [554 bytes]
2026-03-28 21:16:34,352 - client.messenger_client - DEBUG - 📥 Получен тип сообщения: public_key
2026-03-28 21:16:34,352 - client.messenger_client - DEBUG - ✅ Ответ на запрос #67a1715f...
2026-03-28 21:16:34,352 - client.messenger_client - DEBUG - ✅ Ответ получен: public_key
2026-03-28 21:16:34,353 - client.messenger_client - DEBUG - 📤 send_message вызван: username=dik, recipient=suk, encrypted_len=384
2026-03-28 21:16:34,353 - client.messenger_client - INFO - 🔄 receive_loop отменён
2026-03-28 21:16:34,353 - websockets.client - DEBUG - > CLOSE 1000 (OK) [2 bytes]
2026-03-28 21:16:34,353 - websockets.client - DEBUG - = connection is CLOSING
2026-03-28 21:16:34,354 - websockets.client - DEBUG - < CLOSE 1000 (OK) [2 bytes]
2026-03-28 21:16:34,354 - websockets.client - DEBUG - < EOF
2026-03-28 21:16:34,354 - websockets.client - DEBUG - > EOF
2026-03-28 21:16:34,354 - websockets.client - DEBUG - = connection is CLOSED
2026-03-28 21:16:34,354 - websockets.client - DEBUG - x half-closing TCP connection
2026-03-28 21:16:34,354 - client.messenger_client - INFO - 🔌 Отключено
2026-03-28 21:53:32,490 - asyncio - DEBUG - Using proactor: IocpProactor
2026-03-28 21:53:32,545 - client.crypto - DEBUG - ✅ Ключи сгенерированы успешно
2026-03-28 21:53:32,545 - client.messenger_client - INFO - ✅ MessengerClient инициализирован
2026-03-28 21:53:32,545 - client.messenger_client - INFO - 🔌 Подключение к ws://localhost:8765...
2026-03-28 21:53:32,576 - websockets.client - DEBUG - = connection is CONNECTING
2026-03-28 21:53:32,576 - websockets.client - DEBUG - > GET / HTTP/1.1
2026-03-28 21:53:32,577 - websockets.client - DEBUG - > Host: localhost:8765
2026-03-28 21:53:32,577 - websockets.client - DEBUG - > Upgrade: websocket
2026-03-28 21:53:32,577 - websockets.client - DEBUG - > Connection: Upgrade
2026-03-28 21:53:32,577 - websockets.client - DEBUG - > Sec-WebSocket-Key: hJw1WWiIR7yukxmav/SzlA==
2026-03-28 21:53:32,577 - websockets.client - DEBUG - > Sec-WebSocket-Version: 13
2026-03-28 21:53:32,577 - websockets.client - DEBUG - > Sec-WebSocket-Extensions: permessage-deflate; client_max_window_bits
2026-03-28 21:53:32,577 - websockets.client - DEBUG - > User-Agent: Python/3.14 websockets/16.0
2026-03-28 21:53:32,578 - websockets.client - DEBUG - < HTTP/1.1 101 Switching Protocols
2026-03-28 21:53:32,579 - websockets.client - DEBUG - < Date: Sat, 28 Mar 2026 14:53:32 GMT
2026-03-28 21:53:32,579 - websockets.client - DEBUG - < Upgrade: websocket
2026-03-28 21:53:32,579 - websockets.client - DEBUG - < Connection: Upgrade
2026-03-28 21:53:32,579 - websockets.client - DEBUG - < Sec-WebSocket-Accept: XV+lpJoSaQIulpwPuSYYL+R5F6U=
2026-03-28 21:53:32,579 - websockets.client - DEBUG - < Sec-WebSocket-Extensions: permessage-deflate; server_max_window_bits=12; client_max_window_bits=12
2026-03-28 21:53:32,579 - websockets.client - DEBUG - < Server: Python/3.14 websockets/16.0
2026-03-28 21:53:32,579 - websockets.client - DEBUG - = connection is OPEN
2026-03-28 21:53:32,579 - client.messenger_client - INFO - ✅ Подключено к ws://localhost:8765
2026-03-28 21:53:32,580 - client.messenger_client - DEBUG - 🔍 _send_and_wait: connected=True, websocket=True
2026-03-28 21:53:32,580 - client.messenger_client - DEBUG - 📤 Запрос #65deebc0-fefe-4639-b631-0824f1d00e54: login | {'type': 'login', 'username': 'dik', 'password': '***REDACTED***'}
2026-03-28 21:53:32,580 - client.messenger_client - DEBUG - 📡 Отправка WebSocket: 114 байт
2026-03-28 21:53:32,580 - websockets.client - DEBUG - > TEXT '{"type": "login", "username": "dik", "password"...639-b631-0824f1d00e54"}' [114 bytes]
2026-03-28 21:53:32,580 - client.messenger_client - DEBUG - ⏳ Ожидание ответа (timeout=10s)...
2026-03-28 21:53:32,614 - websockets.client - DEBUG - < TEXT '{"type": "login_response", "success": true, "us...639-b631-0824f1d00e54"}' [608 bytes]
2026-03-28 21:53:32,614 - client.messenger_client - DEBUG - 📥 Получен тип сообщения: login_response
2026-03-28 21:53:32,614 - client.messenger_client - DEBUG - ✅ Ответ на запрос #65deebc0...
2026-03-28 21:53:32,614 - client.messenger_client - DEBUG - ✅ Ответ получен: login_response
2026-03-28 21:53:32,614 - client.messenger_client - INFO - ✅ Вход выполнен: dik
2026-03-28 21:53:32,615 - client.messenger_client - DEBUG - 🔍 _send_and_wait: connected=True, websocket=True
2026-03-28 21:53:32,615 - client.messenger_client - DEBUG - 📤 Запрос #51c41a13-3933-483e-bfc1-4a528980489e: get_public_key | {'type': 'get_public_key', 'username': 'suk'}
2026-03-28 21:53:32,615 - client.messenger_client - DEBUG - 📡 Отправка WebSocket: 99 байт
2026-03-28 21:53:32,615 - websockets.client - DEBUG - > TEXT '{"type": "get_public_key", "username": "suk", "...83e-bfc1-4a528980489e"}' [99 bytes]
2026-03-28 21:53:32,615 - client.messenger_client - DEBUG - ⏳ Ожидание ответа (timeout=5s)...
2026-03-28 21:53:32,616 - websockets.client - DEBUG - < TEXT '{"type": "public_key", "public_key": "-----BEGI...83e-bfc1-4a528980489e"}' [554 bytes]
2026-03-28 21:53:32,616 - client.messenger_client - DEBUG - 📥 Получен тип сообщения: public_key
2026-03-28 21:53:32,616 - client.messenger_client - DEBUG - ✅ Ответ на запрос #51c41a13...
2026-03-28 21:53:32,616 - client.messenger_client - DEBUG - ✅ Ответ получен: public_key
2026-03-28 21:53:32,617 - client.messenger_client - DEBUG - 🔍 send_message: self.username=dik, type=<class 'str'>
2026-03-28 21:53:32,617 - client.messenger_client - DEBUG - 🔍 send_message: recipient=suk, type=<class 'str'>
2026-03-28 21:53:32,617 - client.messenger_client - DEBUG - 🔍 send_message: encrypted_data type=<class 'str'>, len=384
2026-03-28 21:53:32,617 - client.messenger_client - DEBUG - 🔍 send_message: пакет сформирован, вызываю _send_and_wait
2026-03-28 21:53:32,618 - client.messenger_client - DEBUG - 🔍 _send_and_wait: connected=True, websocket=True
2026-03-28 21:53:32,618 - client.messenger_client - DEBUG - 📤 Запрос #b0de3023-ea26-45f1-964d-1ae8cc105b9c: message | {'type': 'message', 'recipient': 'suk', 'encrypted_data': '***REDACTED***', 'timestamp': '2026-03-28T21:53:32.617818'}
2026-03-28 21:53:32,618 - client.messenger_client - DEBUG - 📡 Отправка WebSocket: 542 байт
2026-03-28 21:53:32,619 - websockets.client - DEBUG - > TEXT '{"type": "message", "recipient": "suk", "encryp...5f1-964d-1ae8cc105b9c"}' [542 bytes]
2026-03-28 21:53:32,619 - client.messenger_client - DEBUG - ⏳ Ожидание ответа (timeout=10s)...
2026-03-28 21:53:32,624 - websockets.client - DEBUG - < TEXT '{"type": "message_sent", "success": true, "mess...5f1-964d-1ae8cc105b9c"}' [112 bytes]
2026-03-28 21:53:32,624 - client.messenger_client - DEBUG - 📥 Получен тип сообщения: message_sent
2026-03-28 21:53:32,624 - client.messenger_client - DEBUG - ✅ Ответ на запрос #b0de3023...
2026-03-28 21:53:32,624 - client.messenger_client - DEBUG - ✅ Ответ получен: message_sent
2026-03-28 21:53:32,624 - client.messenger_client - DEBUG - 🔍 send_message: _send_and_wait вернул: {'type': 'message_sent', 'success': True, 'message_id': 4, 'request_id': 'b0de3023-ea26-45f1-964d-1ae8cc105b9c'}
2026-03-28 21:53:32,624 - client.messenger_client - INFO - 🔄 receive_loop отменён
2026-03-28 21:53:32,624 - websockets.client - DEBUG - > CLOSE 1000 (OK) [2 bytes]
2026-03-28 21:53:32,624 - websockets.client - DEBUG - = connection is CLOSING
2026-03-28 21:53:32,625 - websockets.client - DEBUG - < CLOSE 1000 (OK) [2 bytes]
2026-03-28 21:53:32,625 - websockets.client - DEBUG - < EOF
2026-03-28 21:53:32,625 - websockets.client - DEBUG - > EOF
2026-03-28 21:53:32,625 - websockets.client - DEBUG - = connection is CLOSED
2026-03-28 21:53:32,625 - websockets.client - DEBUG - x half-closing TCP connection
2026-03-28 21:53:32,625 - client.messenger_client - INFO - 🔌 Отключено
